#
# There is insufficient memory for the Java Runtime Environment to continue.
# Native memory allocation (mmap) failed to map 268435456 bytes for G1 virtual space
# Possible reasons:
#   The system is out of physical RAM or swap space
#   The process is running with CompressedOops enabled, and the Java Heap may be blocking the growth of the native heap
# Possible solutions:
#   Reduce memory load on the system
#   Increase physical memory or swap space
#   Check if swap backing store is full
#   Decrease Java heap size (-Xmx/-Xms)
#   Decrease number of Java threads
#   Decrease Java thread stack sizes (-Xss)
#   Set larger code cache with -XX:ReservedCodeCacheSize=
#   JVM is running with Zero Based Compressed Oops mode in which the Java heap is
#     placed in the first 32GB address space. The Java Heap base address is the
#     maximum limit for the native heap growth. Please use -XX:HeapBaseMinAddress
#     to set the Java Heap base and to place the Java Heap above 32GB virtual address.
# This output file may be truncated or incomplete.
#
#  Out of Memory Error (os_windows.cpp:3535), pid=3440, tid=16816
#
# JRE version:  (17.0.3+6) (build )
# Java VM: OpenJDK 64-Bit Server VM (17.0.3+6-LTS, mixed mode, sharing, tiered, compressed oops, compressed class ptrs, g1 gc, windows-amd64)
# No core dump will be written. Minidumps are not enabled by default on client versions of Windows
#

---------------  S U M M A R Y ------------

Command Line: -agentlib:jdwp=transport=dt_socket,server=n,suspend=y,address=127.0.0.1:62176 -Dfile.encoding=windows-1251 -Duser.country=RU -Duser.language=ru -Duser.variant com.example.SpringTest.SpringTestApplication

Host: Intel(R) Core(TM) i7-8550U CPU @ 1.80GHz, 8 cores, 15G,  Windows 10 , 64 bit Build 19041 (10.0.19041.1741)
Time: Sun Jul  3 14:44:19 2022 RTZ 2 (s 10 , 64 bit Build 19041 (10.0.19041.1741) elapsed time: 0.012506 seconds (0d 0h 0m 0s)

---------------  T H R E A D  ---------------

Current thread (0x00000164fdb97660):  JavaThread "Unknown thread" [_thread_in_vm, id=16816, stack(0x0000002d8e600000,0x0000002d8e700000)]

Stack: [0x0000002d8e600000,0x0000002d8e700000]
Native frames: (J=compiled Java code, j=interpreted, Vv=VM code, C=native code)
V  [jvm.dll+0x645e5a]
V  [jvm.dll+0x7f6fc4]
V  [jvm.dll+0x7f877e]
V  [jvm.dll+0x7f8dd3]
V  [jvm.dll+0x234bb8]
V  [jvm.dll+0x642d9a]
V  [jvm.dll+0x637762]
V  [jvm.dll+0x2f2d09]
V  [jvm.dll+0x2f9ee6]
V  [jvm.dll+0x3459ea]
V  [jvm.dll+0x345c2f]
V  [jvm.dll+0x2c91a8]
V  [jvm.dll+0x2ca139]
V  [jvm.dll+0x7ca6e1]
V  [jvm.dll+0x352e01]
V  [jvm.dll+0x7aab0e]
V  [jvm.dll+0x3ce743]
V  [jvm.dll+0x3d0181]
C  [jli.dll+0x51af]
C  [ucrtbase.dll+0x21bb2]
C  [KERNEL32.DLL+0x17034]
C  [ntdll.dll+0x52651]


---------------  P R O C E S S  ---------------

Threads class SMR info:
_java_thread_list=0x00007ffa3d6bd718, length=0, elements={
}

Java Threads: ( => current thread )

Other Threads:
  0x00000164fdc03810 GCTaskThread "GC Thread#0" [stack: 0x0000002d8e700000,0x0000002d8e800000] [id=21204]
  0x00000164fdc14590 ConcurrentGCThread "G1 Main Marker" [stack: 0x0000002d8e800000,0x0000002d8e900000] [id=14364]
  0x00000164fdc16bf0 ConcurrentGCThread "G1 Conc#0" [stack: 0x0000002d8e900000,0x0000002d8ea00000] [id=26120]

[error occurred during error reporting (printing all threads), id 0xc0000005, EXCEPTION_ACCESS_VIOLATION (0xc0000005) at pc=0x00007ffa3ceaa397]

VM state: not at safepoint (not fully initialized)

VM Mutex/Monitor currently owned by a thread:  ([mutex/lock_event])
[0x00000164fdb92ac0] Heap_lock - owner thread: 0x00000164fdb97660

Heap address: 0x0000000701c00000, size: 4068 MB, Compressed Oops mode: Zero based, Oop shift amount: 3

CDS archive(s) mapped at: [0x0000000000000000-0x0000000000000000-0x0000000000000000), size 0, SharedBaseAddress: 0x0000000800000000, ArchiveRelocationMode: 0.
Narrow klass base: 0x0000000000000000, Narrow klass shift: 0, Narrow klass range: 0x0

GC Precious Log:
<Empty>

Heap:
 garbage-first heap   total 0K, used 0K [0x0000000701c00000, 0x0000000800000000)
  region size 2048K, 0 young (0K), 0 survivors (0K)

[error occurred during error reporting (printing heap information), id 0xc0000005, EXCEPTION_ACCESS_VIOLATION (0xc0000005) at pc=0x00007ffa3d26d929]

GC Heap History (0 events):
No events

Deoptimization events (0 events):
No events

Classes unloaded (0 events):
No events

Classes redefined (0 events):
No events

Internal exceptions (0 events):
No events

VM Operations (0 events):
No events

Events (1 events):
Event: 0.007 Loaded shared library C:\Users\pkost\.jdks\corretto-17.0.3\bin\java.dll


Dynamic libraries:
0x00007ff70a7d0000 - 0x00007ff70a7dd000 	C:\Users\pkost\.jdks\corretto-17.0.3\bin\java.exe
0x00007ffab5950000 - 0x00007ffab5b47000 	C:\Windows\SYSTEM32\ntdll.dll
0x00007ffab5850000 - 0x00007ffab590d000 	C:\Windows\System32\KERNEL32.DLL
0x00007ffab3430000 - 0x00007ffab36fd000 	C:\Windows\System32\KERNELBASE.dll
0x00007ffab31d0000 - 0x00007ffab32d0000 	C:\Windows\System32\ucrtbase.dll
0x00007ffaaee10000 - 0x00007ffaaee28000 	C:\Users\pkost\.jdks\corretto-17.0.3\bin\jli.dll
0x00007ffaaedb0000 - 0x00007ffaaedc5000 	C:\Users\pkost\.jdks\corretto-17.0.3\bin\VCRUNTIME140.dll
0x00007ffab4060000 - 0x00007ffab4200000 	C:\Windows\System32\USER32.dll
0x00007ffa9d3c0000 - 0x00007ffa9d65a000 	C:\Windows\WinSxS\amd64_microsoft.windows.common-controls_6595b64144ccf1df_6.0.19041.1110_none_60b5254171f9507e\COMCTL32.dll
0x00007ffab3700000 - 0x00007ffab3722000 	C:\Windows\System32\win32u.dll
0x00007ffab3d20000 - 0x00007ffab3d4a000 	C:\Windows\System32\GDI32.dll
0x00007ffab56d0000 - 0x00007ffab576e000 	C:\Windows\System32\msvcrt.dll
0x00007ffab38a0000 - 0x00007ffab39ab000 	C:\Windows\System32\gdi32full.dll
0x00007ffab3320000 - 0x00007ffab33bd000 	C:\Windows\System32\msvcp_win.dll
0x00007ffab4950000 - 0x00007ffab4980000 	C:\Windows\System32\IMM32.DLL
0x00007ffa861f0000 - 0x00007ffa8628b000 	C:\Users\pkost\.jdks\corretto-17.0.3\bin\msvcp140.dll
0x00007ffa3cbd0000 - 0x00007ffa3d7eb000 	C:\Users\pkost\.jdks\corretto-17.0.3\bin\server\jvm.dll
0x00007ffab4200000 - 0x00007ffab42ae000 	C:\Windows\System32\ADVAPI32.dll
0x00007ffab42b0000 - 0x00007ffab434c000 	C:\Windows\System32\sechost.dll
0x00007ffab4aa0000 - 0x00007ffab4bc5000 	C:\Windows\System32\RPCRT4.dll
0x00007ffab5660000 - 0x00007ffab5668000 	C:\Windows\System32\PSAPI.DLL
0x00007ffa9a5b0000 - 0x00007ffa9a5b9000 	C:\Windows\SYSTEM32\WSOCK32.dll
0x00007ffa9d0e0000 - 0x00007ffa9d107000 	C:\Windows\SYSTEM32\WINMM.dll
0x00007ffaaba50000 - 0x00007ffaaba5a000 	C:\Windows\SYSTEM32\VERSION.dll
0x00007ffab5320000 - 0x00007ffab538b000 	C:\Windows\System32\WS2_32.dll
0x00007ffab0f30000 - 0x00007ffab0f42000 	C:\Windows\SYSTEM32\kernel.appcore.dll
0x00007ffaaccb0000 - 0x00007ffaaccba000 	C:\Users\pkost\.jdks\corretto-17.0.3\bin\jimage.dll
0x00007ffa9ad80000 - 0x00007ffa9af64000 	C:\Windows\SYSTEM32\DBGHELP.DLL
0x00007ffa9ad50000 - 0x00007ffa9ad7c000 	C:\Windows\SYSTEM32\dbgcore.DLL
0x00007ffab3760000 - 0x00007ffab37e2000 	C:\Windows\System32\bcryptPrimitives.dll
0x00007ffa8b270000 - 0x00007ffa8b2aa000 	C:\Users\pkost\.jdks\corretto-17.0.3\bin\jdwp.dll
0x00007ffa88cc0000 - 0x00007ffa88ce5000 	C:\Users\pkost\.jdks\corretto-17.0.3\bin\java.dll

dbghelp: loaded successfully - version: 4.0.5 - missing functions: none
symbol engine: initialized successfully - sym options: 0x614 - pdb path: .;C:\Users\pkost\.jdks\corretto-17.0.3\bin;C:\Windows\SYSTEM32;C:\Windows\WinSxS\amd64_microsoft.windows.common-controls_6595b64144ccf1df_6.0.19041.1110_none_60b5254171f9507e;C:\Users\pkost\.jdks\corretto-17.0.3\bin\server

VM Arguments:
jvm_args: -agentlib:jdwp=transport=dt_socket,server=n,suspend=y,address=127.0.0.1:62176 -Dfile.encoding=windows-1251 -Duser.country=RU -Duser.language=ru -Duser.variant 
java_command: com.example.SpringTest.SpringTestApplication
java_class_path (initial): C:\Users\pkost\Downloads\SpringTest\SpringTest\build\classes\java\main;C:\Users\pkost\Downloads\SpringTest\SpringTest\build\resources\main;C:\Users\pkost\.gradle\caches\modules-2\files-2.1\org.springframework.boot\spring-boot-starter-web\2.7.1\29f47f503f9955b1a9746870aeaebdba448416d\spring-boot-starter-web-2.7.1.jar;C:\Users\pkost\.gradle\caches\modules-2\files-2.1\org.springframework.boot\spring-boot-starter-data-jpa\2.7.1\39e98264c195a06c8c29a63c24b6ce295ca10795\spring-boot-starter-data-jpa-2.7.1.jar;C:\Users\pkost\.gradle\caches\modules-2\files-2.1\org.jsoup\jsoup\1.15.1\c4e25ce7c04dc4ae8f6db08f2391f38e9111231f\jsoup-1.15.1.jar;C:\Users\pkost\.gradle\caches\modules-2\files-2.1\org.springframework.boot\spring-boot-starter-validation\2.7.0\1a7d12c3b10ec1c30ca3a6eb38d550f4a3876b31\spring-boot-starter-validation-2.7.0.jar;C:\Users\pkost\.gradle\caches\modules-2\files-2.1\org.apache.commons\commons-lang3\3.12.0\c6842c86792ff03b9f1d1fe2aab8dc23aa6c6f0e\commons-lang3-3.12.0.jar;C:\Users\pkost\.gradle\caches\modules-2\files-2.1\org.postgresql\postgresql\42.3.6\98e509e29657cd3633d93bc05ae41ff71fbb79d1\postgresql-42.3.6.jar;C:\Users\pkost\.gradle\caches\modules-2\files-2.1\org.springframework.boot\spring-boot-starter-json\2.7.1\711889df8474d7f0271b1e25cd75a9249e0a4621\spring-boot-starter-json-2.7.1.jar;C:\Users\pkost\.gradle\caches\modules-2\files-2.1\org.springframework.boot\spring-boot-starter-aop\2.7.1\e7c78497e3528ae3037c723259b4b0944994f03\spring-boot-starter-aop-2.7.1.jar;C:\Users\pkost\.gradle\caches\modules-2\files-2.1\org.springframework.boot\spring-boot-starter-jdbc\2.7.1\bba8a72a8042cec0b7961f11b0b3332724f5845e\spring-boot-starter-jdbc-2.7.1.jar;C:\Users\pkost\.gradle\caches\modules-2\files-2.1\org.springframework.boot\spring-boot-starter\2.7.1\48f7e04459ccc16d3532bfc486c1b6d629e6e0fc\spring-boot-starter-2.7.1.jar;C:\Users\pkost\.gradle\caches\modules-2\files-2.1\org.springframework.boot\spring-boot-starter-tomcat\2.7.1\c99fe94b685f1
Launcher Type: SUN_STANDARD

[Global flags]
     intx CICompilerCount                          = 4                                         {product} {ergonomic}
     uint ConcGCThreads                            = 2                                         {product} {ergonomic}
     uint G1ConcRefinementThreads                  = 8                                         {product} {ergonomic}
   size_t G1HeapRegionSize                         = 2097152                                   {product} {ergonomic}
    uintx GCDrainStackTargetSize                   = 64                                        {product} {ergonomic}
   size_t InitialHeapSize                          = 268435456                                 {product} {ergonomic}
   size_t MarkStackSize                            = 4194304                                   {product} {ergonomic}
   size_t MaxHeapSize                              = 4265607168                                {product} {ergonomic}
   size_t MinHeapDeltaBytes                        = 2097152                                   {product} {ergonomic}
   size_t MinHeapSize                              = 8388608                                   {product} {ergonomic}
    uintx NonNMethodCodeHeapSize                   = 5839372                                {pd product} {ergonomic}
    uintx NonProfiledCodeHeapSize                  = 122909434                              {pd product} {ergonomic}
    uintx ProfiledCodeHeapSize                     = 122909434                              {pd product} {ergonomic}
    uintx ReservedCodeCacheSize                    = 251658240                              {pd product} {ergonomic}
     bool SegmentedCodeCache                       = true                                      {product} {ergonomic}
   size_t SoftMaxHeapSize                          = 4265607168                             {manageable} {ergonomic}
     bool UseCompressedClassPointers               = true                           {product lp64_product} {ergonomic}
     bool UseCompressedOops                        = true                           {product lp64_product} {ergonomic}
     bool UseG1GC                                  = true                                      {product} {ergonomic}
     bool UseLargePagesIndividualAllocation        = false                                  {pd product} {ergonomic}

Logging:
Log output configuration:
 #0: stdout all=warning uptime,level,tags
 #1: stderr all=off uptime,level,tags

Environment Variables:
JAVA_HOME=C:\Program Files\jdk-18
PATH=C:\Windows\system32;C:\Windows;C:\Windows\System32\Wbem;C:\Windows\System32\WindowsPowerShell\v1.0\;C:\Windows\System32\OpenSSH\;C:\Program Files\Microsoft SQL Server\130\Tools\Binn\;C:\Program Files\Microsoft SQL Server\Client SDK\ODBC\170\Tools\Binn\;C:\Program Files\dotnet\;C:\Program Files\Microsoft\Web Platform Installer\;C:\Program Files\jdk-18;;C:\Program Files\Docker\Docker\resources\bin;C:\ProgramData\DockerDesktop\version-bin;C:\Users\pkost\AppData\Local\Microsoft\WindowsApps;C:\Users\pkost\.dotnet\tools;C:\Program Files\IntelliJ IDEA Community Edition 2021.3.3\bin;
USERNAME=pkost
OS=Windows_NT
PROCESSOR_IDENTIFIER=Intel64 Family 6 Model 142 Stepping 10, GenuineIntel



---------------  S Y S T E M  ---------------

OS:
 Windows 10 , 64 bit Build 19041 (10.0.19041.1741)
OS uptime: 2 days 13:36 hours
Hyper-V role detected

CPU: total 8 (initial active 8) (4 cores per cpu, 2 threads per core) family 6 model 142 stepping 10 microcode 0xb4, cx8, cmov, fxsr, ht, mmx, 3dnowpref, sse, sse2, sse3, ssse3, sse4.1, sse4.2, popcnt, lzcnt, tsc, tscinvbit, avx, avx2, aes, erms, clmul, bmi1, bmi2, adx, fma, vzeroupper, clflush, clflushopt, hv

Memory: 4k page, system-wide physical 16268M (1350M free)
TotalPageFile size 28592M (AvailPageFile size 154M)
current process WorkingSet (physical memory assigned to process): 10M, peak: 10M
current process commit charge ("private bytes"): 60M, peak: 316M

vm_info: OpenJDK 64-Bit Server VM (17.0.3+6-LTS) for windows-amd64 JRE (17.0.3+6-LTS), built on Apr 15 2022 22:16:02 by "Administrator" with MS VC++ 15.9 (VS2017)

END.
