#
# There is insufficient memory for the Java Runtime Environment to continue.
# Native memory allocation (malloc) failed to allocate 2161472 bytes for Chunk::new
# Possible reasons:
#   The system is out of physical RAM or swap space
#   The process is running with CompressedOops enabled, and the Java Heap may be blocking the growth of the native heap
# Possible solutions:
#   Reduce memory load on the system
#   Increase physical memory or swap space
#   Check if swap backing store is full
#   Decrease Java heap size (-Xmx/-Xms)
#   Decrease number of Java threads
#   Decrease Java thread stack sizes (-Xss)
#   Set larger code cache with -XX:ReservedCodeCacheSize=
#   JVM is running with Unscaled Compressed Oops mode in which the Java heap is
#     placed in the first 4GB address space. The Java Heap base address is the
#     maximum limit for the native heap growth. Please use -XX:HeapBaseMinAddress
#     to set the Java Heap base and to place the Java Heap above 4GB virtual address.
# This output file may be truncated or incomplete.
#
#  Out of Memory Error (arena.cpp:189), pid=14524, tid=26184
#
# JRE version: OpenJDK Runtime Environment Corretto-17.0.3.6.1 (17.0.3+6) (build 17.0.3+6-LTS)
# Java VM: OpenJDK 64-Bit Server VM Corretto-17.0.3.6.1 (17.0.3+6-LTS, mixed mode, sharing, tiered, compressed oops, compressed class ptrs, g1 gc, windows-amd64)
# No core dump will be written. Minidumps are not enabled by default on client versions of Windows
#

---------------  S U M M A R Y ------------

Command Line: -XX:MaxMetaspaceSize=256m -XX:+HeapDumpOnOutOfMemoryError -agentlib:jdwp=transport=dt_socket,server=n,suspend=y,address=127.0.0.1:57635 --add-opens=java.base/java.util=ALL-UNNAMED --add-opens=java.base/java.lang=ALL-UNNAMED --add-opens=java.base/java.lang.invoke=ALL-UNNAMED --add-opens=java.base/java.util=ALL-UNNAMED --add-opens=java.prefs/java.util.prefs=ALL-UNNAMED --add-opens=java.prefs/java.util.prefs=ALL-UNNAMED --add-opens=java.base/java.nio.charset=ALL-UNNAMED --add-opens=java.base/java.net=ALL-UNNAMED --add-opens=java.base/java.util.concurrent.atomic=ALL-UNNAMED -Xms256m -Xmx512m -Dfile.encoding=windows-1251 -Duser.country=RU -Duser.language=ru -Duser.variant org.gradle.launcher.daemon.bootstrap.GradleDaemon 7.4.1

Host: Intel(R) Core(TM) i7-8550U CPU @ 1.80GHz, 8 cores, 15G,  Windows 10 , 64 bit Build 19041 (10.0.19041.1741)
Time: Sun Jul  3 14:56:49 2022 RTZ 2 (s 10 , 64 bit Build 19041 (10.0.19041.1741) elapsed time: 4.812731 seconds (0d 0h 0m 4s)

---------------  T H R E A D  ---------------

Current thread (0x000001e0492226e0):  JavaThread "C2 CompilerThread1" daemon [_thread_in_native, id=26184, stack(0x00000078e7600000,0x00000078e7700000)]


Current CompileTask:
C2:   4812 2867       4       jdk.internal.loader.URLClassPath::getResource (74 bytes)

Stack: [0x00000078e7600000,0x00000078e7700000]
Native frames: (J=compiled Java code, j=interpreted, Vv=VM code, C=native code)
V  [jvm.dll+0x645e5a]
V  [jvm.dll+0x7f6fc4]
V  [jvm.dll+0x7f877e]
V  [jvm.dll+0x7f8dd3]
V  [jvm.dll+0x234bb8]
V  [jvm.dll+0xbce1b]
V  [jvm.dll+0xbd3ac]
V  [jvm.dll+0x34d747]
V  [jvm.dll+0x1afc82]
V  [jvm.dll+0x20930f]
V  [jvm.dll+0x2087b7]
V  [jvm.dll+0x198b5d]
V  [jvm.dll+0x217b49]
V  [jvm.dll+0x215d9b]
V  [jvm.dll+0x7af68b]
V  [jvm.dll+0x7a9c9a]
V  [jvm.dll+0x644d05]
C  [ucrtbase.dll+0x21bb2]
C  [KERNEL32.DLL+0x17034]
C  [ntdll.dll+0x52651]


---------------  P R O C E S S  ---------------

Threads class SMR info:
_java_thread_list=0x000001e047eaf080, length=39, elements={
0x000001e0286292a0, 0x000001e043913ab0, 0x000001e043914830, 0x000001e043930a20,
0x000001e0439312e0, 0x000001e043931ba0, 0x000001e043932460, 0x000001e043940650,
0x000001e043941000, 0x000001e043942910, 0x000001e044546290, 0x000001e04454f0b0,
0x000001e044561800, 0x000001e044561ee0, 0x000001e044576350, 0x000001e0464a5160,
0x000001e045793910, 0x000001e045954160, 0x000001e0457b9710, 0x000001e046c65150,
0x000001e04606a830, 0x000001e046d8e000, 0x000001e046310150, 0x000001e046a8cfe0,
0x000001e046a8a960, 0x000001e046a8ae30, 0x000001e046a89fc0, 0x000001e046a8c640,
0x000001e046a8b300, 0x000001e046a8b7d0, 0x000001e046a8cb10, 0x000001e046a8d4b0,
0x000001e04995c470, 0x000001e049959df0, 0x000001e049956430, 0x000001e049957c40,
0x000001e04995c940, 0x000001e0492226e0, 0x000001e049220370
}

Java Threads: ( => current thread )
  0x000001e0286292a0 JavaThread "main" [_thread_blocked, id=23016, stack(0x00000078e4200000,0x00000078e4300000)]
  0x000001e043913ab0 JavaThread "Reference Handler" daemon [_thread_blocked, id=7852, stack(0x00000078e4900000,0x00000078e4a00000)]
  0x000001e043914830 JavaThread "Finalizer" daemon [_thread_blocked, id=17044, stack(0x00000078e4a00000,0x00000078e4b00000)]
  0x000001e043930a20 JavaThread "Signal Dispatcher" daemon [_thread_blocked, id=21160, stack(0x00000078e4b00000,0x00000078e4c00000)]
  0x000001e0439312e0 JavaThread "Attach Listener" daemon [_thread_blocked, id=14268, stack(0x00000078e4c00000,0x00000078e4d00000)]
  0x000001e043931ba0 JavaThread "Service Thread" daemon [_thread_blocked, id=11616, stack(0x00000078e4d00000,0x00000078e4e00000)]
  0x000001e043932460 JavaThread "Monitor Deflation Thread" daemon [_thread_blocked, id=13492, stack(0x00000078e4e00000,0x00000078e4f00000)]
  0x000001e043940650 JavaThread "C2 CompilerThread0" daemon [_thread_in_native, id=656, stack(0x00000078e4f00000,0x00000078e5000000)]
  0x000001e043941000 JavaThread "C1 CompilerThread0" daemon [_thread_blocked, id=24016, stack(0x00000078e5000000,0x00000078e5100000)]
  0x000001e043942910 JavaThread "Sweeper thread" daemon [_thread_blocked, id=26500, stack(0x00000078e5100000,0x00000078e5200000)]
  0x000001e044546290 JavaThread "Common-Cleaner" daemon [_thread_blocked, id=25724, stack(0x00000078e5200000,0x00000078e5300000)]
  0x000001e04454f0b0 JavaThread "JDWP Transport Listener: dt_socket" daemon [_thread_blocked, id=5244, stack(0x00000078e5300000,0x00000078e5400000)]
  0x000001e044561800 JavaThread "JDWP Event Helper Thread" daemon [_thread_blocked, id=26716, stack(0x00000078e5400000,0x00000078e5500000)]
  0x000001e044561ee0 JavaThread "JDWP Command Reader" daemon [_thread_in_native, id=24312, stack(0x00000078e5500000,0x00000078e5600000)]
  0x000001e044576350 JavaThread "Notification Thread" daemon [_thread_blocked, id=25996, stack(0x00000078e5600000,0x00000078e5700000)]
  0x000001e0464a5160 JavaThread "Daemon health stats" [_thread_blocked, id=16644, stack(0x00000078e6100000,0x00000078e6200000)]
  0x000001e045793910 JavaThread "Incoming local TCP Connector on port 57640" [_thread_in_native, id=2292, stack(0x00000078e6200000,0x00000078e6300000)]
  0x000001e045954160 JavaThread "Daemon periodic checks" [_thread_blocked, id=27044, stack(0x00000078e6300000,0x00000078e6400000)]
  0x000001e0457b9710 JavaThread "Daemon" [_thread_blocked, id=22760, stack(0x00000078e6400000,0x00000078e6500000)]
  0x000001e046c65150 JavaThread "Handler for socket connection from /127.0.0.1:57640 to /127.0.0.1:57641" [_thread_in_native, id=7960, stack(0x00000078e6500000,0x00000078e6600000)]
  0x000001e04606a830 JavaThread "Cancel handler" [_thread_blocked, id=6776, stack(0x00000078e6600000,0x00000078e6700000)]
  0x000001e046d8e000 JavaThread "Daemon worker" [_thread_in_native, id=18248, stack(0x00000078e6700000,0x00000078e6800000)]
  0x000001e046310150 JavaThread "Asynchronous log dispatcher for DefaultDaemonConnection: socket connection from /127.0.0.1:57640 to /127.0.0.1:57641" [_thread_blocked, id=9500, stack(0x00000078e6800000,0x00000078e6900000)]
  0x000001e046a8cfe0 JavaThread "Stdin handler" [_thread_blocked, id=27032, stack(0x00000078e6900000,0x00000078e6a00000)]
  0x000001e046a8a960 JavaThread "Daemon client event forwarder" [_thread_blocked, id=27728, stack(0x00000078e6a00000,0x00000078e6b00000)]
  0x000001e046a8ae30 JavaThread "Cache worker for journal cache (C:\Users\pkost\.gradle\caches\journal-1)" [_thread_blocked, id=28180, stack(0x00000078e6b00000,0x00000078e6c00000)]
  0x000001e046a89fc0 JavaThread "File lock request listener" [_thread_in_native, id=22424, stack(0x00000078e6c00000,0x00000078e6d00000)]
  0x000001e046a8c640 JavaThread "Cache worker for file hash cache (C:\Users\pkost\.gradle\caches\7.4.1\fileHashes)" [_thread_blocked, id=16388, stack(0x00000078e6d00000,0x00000078e6e00000)]
  0x000001e046a8b300 JavaThread "File watcher server" daemon [_thread_in_native, id=22644, stack(0x00000078e6e00000,0x00000078e6f00000)]
  0x000001e046a8b7d0 JavaThread "File watcher consumer" daemon [_thread_blocked, id=8300, stack(0x00000078e6f00000,0x00000078e7000000)]
  0x000001e046a8cb10 JavaThread "Cache worker for checksums cache (C:\Users\pkost\Downloads\SpringTest\SpringTest\.gradle\7.4.1\checksums)" [_thread_blocked, id=26416, stack(0x00000078e7000000,0x00000078e7100000)]
  0x000001e046a8d4b0 JavaThread "Cache worker for cache directory md-rule (C:\Users\pkost\.gradle\caches\7.4.1\md-rule)" [_thread_blocked, id=21196, stack(0x00000078e7100000,0x00000078e7200000)]
  0x000001e04995c470 JavaThread "Cache worker for file hash cache (C:\Users\pkost\Downloads\SpringTest\SpringTest\.gradle\7.4.1\fileHashes)" [_thread_blocked, id=20520, stack(0x00000078e7200000,0x00000078e7300000)]
  0x000001e049959df0 JavaThread "Cache worker for cache directory md-supplier (C:\Users\pkost\.gradle\caches\7.4.1\md-supplier)" [_thread_blocked, id=26008, stack(0x00000078e7300000,0x00000078e7400000)]
  0x000001e049956430 JavaThread "Cache worker for execution history cache (C:\Users\pkost\.gradle\caches\7.4.1\executionHistory)" [_thread_blocked, id=7936, stack(0x00000078e7500000,0x00000078e7600000)]
  0x000001e049957c40 JavaThread "jar transforms" [_thread_blocked, id=27752, stack(0x00000078e5800000,0x00000078e5900000)]
  0x000001e04995c940 JavaThread "jar transforms Thread 2" [_thread_blocked, id=9700, stack(0x00000078e6000000,0x00000078e6100000)]
=>0x000001e0492226e0 JavaThread "C2 CompilerThread1" daemon [_thread_in_native, id=26184, stack(0x00000078e7600000,0x00000078e7700000)]
  0x000001e049220370 JavaThread "C2 CompilerThread2" daemon [_thread_in_vm, id=6704, stack(0x00000078e7700000,0x00000078e7800000)]

Other Threads:
  0x000001e04390ffb0 VMThread "VM Thread" [stack: 0x00000078e4800000,0x00000078e4900000] [id=18992]
  0x000001e0286642b0 WatcherThread [stack: 0x00000078e5700000,0x00000078e5800000] [id=22384]
  0x000001e028657e80 GCTaskThread "GC Thread#0" [stack: 0x00000078e4300000,0x00000078e4400000] [id=24136]
  0x000001e044829080 GCTaskThread "GC Thread#1" [stack: 0x00000078e5900000,0x00000078e5a00000] [id=23376]
  0x000001e04518c850 GCTaskThread "GC Thread#2" [stack: 0x00000078e5a00000,0x00000078e5b00000] [id=28520]
  0x000001e04518cb00 GCTaskThread "GC Thread#3" [stack: 0x00000078e5b00000,0x00000078e5c00000] [id=25972]
  0x000001e0452f80d0 GCTaskThread "GC Thread#4" [stack: 0x00000078e5c00000,0x00000078e5d00000] [id=27464]
  0x000001e044e96bc0 GCTaskThread "GC Thread#5" [stack: 0x00000078e5d00000,0x00000078e5e00000] [id=15840]
  0x000001e0448e6bc0 GCTaskThread "GC Thread#6" [stack: 0x00000078e5e00000,0x00000078e5f00000] [id=25148]
  0x000001e045516a20 GCTaskThread "GC Thread#7" [stack: 0x00000078e5f00000,0x00000078e6000000] [id=21184]
  0x000001e02865ccd0 ConcurrentGCThread "G1 Main Marker" [stack: 0x00000078e4400000,0x00000078e4500000] [id=3740]
  0x000001e02865d5f0 ConcurrentGCThread "G1 Conc#0" [stack: 0x00000078e4500000,0x00000078e4600000] [id=27040]
  0x000001e0480cc8c0 ConcurrentGCThread "G1 Conc#1" [stack: 0x00000078e7400000,0x00000078e7500000] [id=26528]
  0x000001e02870dee0 ConcurrentGCThread "G1 Refine#0" [stack: 0x00000078e4600000,0x00000078e4700000] [id=15728]
  0x000001e02870e810 ConcurrentGCThread "G1 Service" [stack: 0x00000078e4700000,0x00000078e4800000] [id=18500]

Threads with active compile tasks:
C2 CompilerThread0     4855 3005       4       java.net.URLStreamHandler::toExternalForm (156 bytes)
C2 CompilerThread1     4856 2867       4       jdk.internal.loader.URLClassPath::getResource (74 bytes)
C2 CompilerThread2     4856 3039       4       java.util.Arrays::hashCode (44 bytes)

VM state: not at safepoint (normal execution)

VM Mutex/Monitor currently owned by a thread: None

Heap address: 0x00000000e0000000, size: 512 MB, Compressed Oops mode: 32-bit

CDS archive(s) mapped at: [0x0000000800000000-0x0000000800bc0000-0x0000000800bc0000), size 12320768, SharedBaseAddress: 0x0000000800000000, ArchiveRelocationMode: 0.
Compressed class space mapped at: 0x0000000800c00000-0x000000080dc00000, reserved size: 218103808
Narrow klass base: 0x0000000800000000, Narrow klass shift: 0, Narrow klass range: 0x100000000

GC Precious Log:
 CPUs: 8 total, 8 available
 Memory: 16268M
 Large Page Support: Disabled
 NUMA Support: Disabled
 Compressed Oops: Enabled (32-bit)
 Heap Region Size: 1M
 Heap Min Capacity: 256M
 Heap Initial Capacity: 256M
 Heap Max Capacity: 512M
 Pre-touch: Disabled
 Parallel Workers: 8
 Concurrent Workers: 2
 Concurrent Refinement Workers: 8
 Periodic GC: Disabled

Heap:
 garbage-first heap   total 262144K, used 51707K [0x00000000e0000000, 0x0000000100000000)
  region size 1024K, 44 young (45056K), 12 survivors (12288K)
 Metaspace       used 28669K, committed 28928K, reserved 245760K
  class space    used 4044K, committed 4160K, reserved 212992K

Heap Regions: E=young(eden), S=young(survivor), O=old, HS=humongous(starts), HC=humongous(continues), CS=collection set, F=free, OA=open archive, CA=closed archive, TAMS=top-at-mark-start (previous, next)
|   0|0x00000000e0000000, 0x00000000e0000000, 0x00000000e0100000|  0%| F|  |TAMS 0x00000000e0000000, 0x00000000e0000000| Untracked 
|   1|0x00000000e0100000, 0x00000000e0200000, 0x00000000e0200000|100%| O|  |TAMS 0x00000000e0200000, 0x00000000e0100000| Untracked 
|   2|0x00000000e0200000, 0x00000000e0300000, 0x00000000e0300000|100%| O|  |TAMS 0x00000000e0300000, 0x00000000e0200000| Untracked 
|   3|0x00000000e0300000, 0x00000000e0400000, 0x00000000e0400000|100%|HS|  |TAMS 0x00000000e0400000, 0x00000000e0300000| Complete 
|   4|0x00000000e0400000, 0x00000000e0500000, 0x00000000e0500000|100%|HC|  |TAMS 0x00000000e0500000, 0x00000000e0400000| Complete 
|   5|0x00000000e0500000, 0x00000000e0600000, 0x00000000e0600000|100%|HC|  |TAMS 0x00000000e0600000, 0x00000000e0500000| Complete 
|   6|0x00000000e0600000, 0x00000000e0700000, 0x00000000e0700000|100%| O|  |TAMS 0x00000000e0700000, 0x00000000e0600000| Untracked 
|   7|0x00000000e0700000, 0x00000000e0800000, 0x00000000e0800000|100%| O|  |TAMS 0x00000000e0800000, 0x00000000e0700000| Untracked 
|   8|0x00000000e0800000, 0x00000000e0900000, 0x00000000e0900000|100%| O|  |TAMS 0x00000000e0900000, 0x00000000e0800000| Untracked 
|   9|0x00000000e0900000, 0x00000000e0a00000, 0x00000000e0a00000|100%| O|  |TAMS 0x00000000e0a00000, 0x00000000e0900000| Complete 
|  10|0x00000000e0a00000, 0x00000000e0a00000, 0x00000000e0b00000|  0%| F|  |TAMS 0x00000000e0a00000, 0x00000000e0a00000| Untracked 
|  11|0x00000000e0b00000, 0x00000000e0b00000, 0x00000000e0c00000|  0%| F|  |TAMS 0x00000000e0b00000, 0x00000000e0b00000| Untracked 
|  12|0x00000000e0c00000, 0x00000000e0c00000, 0x00000000e0d00000|  0%| F|  |TAMS 0x00000000e0c00000, 0x00000000e0c00000| Untracked 
|  13|0x00000000e0d00000, 0x00000000e0d00000, 0x00000000e0e00000|  0%| F|  |TAMS 0x00000000e0d00000, 0x00000000e0d00000| Untracked 
|  14|0x00000000e0e00000, 0x00000000e0e00000, 0x00000000e0f00000|  0%| F|  |TAMS 0x00000000e0e00000, 0x00000000e0e00000| Untracked 
|  15|0x00000000e0f00000, 0x00000000e0f00000, 0x00000000e1000000|  0%| F|  |TAMS 0x00000000e0f00000, 0x00000000e0f00000| Untracked 
|  16|0x00000000e1000000, 0x00000000e1000000, 0x00000000e1100000|  0%| F|  |TAMS 0x00000000e1000000, 0x00000000e1000000| Untracked 
|  17|0x00000000e1100000, 0x00000000e1100000, 0x00000000e1200000|  0%| F|  |TAMS 0x00000000e1100000, 0x00000000e1100000| Untracked 
|  18|0x00000000e1200000, 0x00000000e1200000, 0x00000000e1300000|  0%| F|  |TAMS 0x00000000e1200000, 0x00000000e1200000| Untracked 
|  19|0x00000000e1300000, 0x00000000e1300000, 0x00000000e1400000|  0%| F|  |TAMS 0x00000000e1300000, 0x00000000e1300000| Untracked 
|  20|0x00000000e1400000, 0x00000000e1400000, 0x00000000e1500000|  0%| F|  |TAMS 0x00000000e1400000, 0x00000000e1400000| Untracked 
|  21|0x00000000e1500000, 0x00000000e1500000, 0x00000000e1600000|  0%| F|  |TAMS 0x00000000e1500000, 0x00000000e1500000| Untracked 
|  22|0x00000000e1600000, 0x00000000e1600000, 0x00000000e1700000|  0%| F|  |TAMS 0x00000000e1600000, 0x00000000e1600000| Untracked 
|  23|0x00000000e1700000, 0x00000000e1700000, 0x00000000e1800000|  0%| F|  |TAMS 0x00000000e1700000, 0x00000000e1700000| Untracked 
|  24|0x00000000e1800000, 0x00000000e1800000, 0x00000000e1900000|  0%| F|  |TAMS 0x00000000e1800000, 0x00000000e1800000| Untracked 
|  25|0x00000000e1900000, 0x00000000e1900000, 0x00000000e1a00000|  0%| F|  |TAMS 0x00000000e1900000, 0x00000000e1900000| Untracked 
|  26|0x00000000e1a00000, 0x00000000e1a00000, 0x00000000e1b00000|  0%| F|  |TAMS 0x00000000e1a00000, 0x00000000e1a00000| Untracked 
|  27|0x00000000e1b00000, 0x00000000e1b00000, 0x00000000e1c00000|  0%| F|  |TAMS 0x00000000e1b00000, 0x00000000e1b00000| Untracked 
|  28|0x00000000e1c00000, 0x00000000e1c00000, 0x00000000e1d00000|  0%| F|  |TAMS 0x00000000e1c00000, 0x00000000e1c00000| Untracked 
|  29|0x00000000e1d00000, 0x00000000e1d00000, 0x00000000e1e00000|  0%| F|  |TAMS 0x00000000e1d00000, 0x00000000e1d00000| Untracked 
|  30|0x00000000e1e00000, 0x00000000e1e00000, 0x00000000e1f00000|  0%| F|  |TAMS 0x00000000e1e00000, 0x00000000e1e00000| Untracked 
|  31|0x00000000e1f00000, 0x00000000e1f00000, 0x00000000e2000000|  0%| F|  |TAMS 0x00000000e1f00000, 0x00000000e1f00000| Untracked 
|  32|0x00000000e2000000, 0x00000000e2000000, 0x00000000e2100000|  0%| F|  |TAMS 0x00000000e2000000, 0x00000000e2000000| Untracked 
|  33|0x00000000e2100000, 0x00000000e2100000, 0x00000000e2200000|  0%| F|  |TAMS 0x00000000e2100000, 0x00000000e2100000| Untracked 
|  34|0x00000000e2200000, 0x00000000e2200000, 0x00000000e2300000|  0%| F|  |TAMS 0x00000000e2200000, 0x00000000e2200000| Untracked 
|  35|0x00000000e2300000, 0x00000000e2300000, 0x00000000e2400000|  0%| F|  |TAMS 0x00000000e2300000, 0x00000000e2300000| Untracked 
|  36|0x00000000e2400000, 0x00000000e2400000, 0x00000000e2500000|  0%| F|  |TAMS 0x00000000e2400000, 0x00000000e2400000| Untracked 
|  37|0x00000000e2500000, 0x00000000e2500000, 0x00000000e2600000|  0%| F|  |TAMS 0x00000000e2500000, 0x00000000e2500000| Untracked 
|  38|0x00000000e2600000, 0x00000000e2600000, 0x00000000e2700000|  0%| F|  |TAMS 0x00000000e2600000, 0x00000000e2600000| Untracked 
|  39|0x00000000e2700000, 0x00000000e2700000, 0x00000000e2800000|  0%| F|  |TAMS 0x00000000e2700000, 0x00000000e2700000| Untracked 
|  40|0x00000000e2800000, 0x00000000e2800000, 0x00000000e2900000|  0%| F|  |TAMS 0x00000000e2800000, 0x00000000e2800000| Untracked 
|  41|0x00000000e2900000, 0x00000000e2900000, 0x00000000e2a00000|  0%| F|  |TAMS 0x00000000e2900000, 0x00000000e2900000| Untracked 
|  42|0x00000000e2a00000, 0x00000000e2a00000, 0x00000000e2b00000|  0%| F|  |TAMS 0x00000000e2a00000, 0x00000000e2a00000| Untracked 
|  43|0x00000000e2b00000, 0x00000000e2b00000, 0x00000000e2c00000|  0%| F|  |TAMS 0x00000000e2b00000, 0x00000000e2b00000| Untracked 
|  44|0x00000000e2c00000, 0x00000000e2c00000, 0x00000000e2d00000|  0%| F|  |TAMS 0x00000000e2c00000, 0x00000000e2c00000| Untracked 
|  45|0x00000000e2d00000, 0x00000000e2d00000, 0x00000000e2e00000|  0%| F|  |TAMS 0x00000000e2d00000, 0x00000000e2d00000| Untracked 
|  46|0x00000000e2e00000, 0x00000000e2e00000, 0x00000000e2f00000|  0%| F|  |TAMS 0x00000000e2e00000, 0x00000000e2e00000| Untracked 
|  47|0x00000000e2f00000, 0x00000000e2f00000, 0x00000000e3000000|  0%| F|  |TAMS 0x00000000e2f00000, 0x00000000e2f00000| Untracked 
|  48|0x00000000e3000000, 0x00000000e3000000, 0x00000000e3100000|  0%| F|  |TAMS 0x00000000e3000000, 0x00000000e3000000| Untracked 
|  49|0x00000000e3100000, 0x00000000e3100000, 0x00000000e3200000|  0%| F|  |TAMS 0x00000000e3100000, 0x00000000e3100000| Untracked 
|  50|0x00000000e3200000, 0x00000000e3200000, 0x00000000e3300000|  0%| F|  |TAMS 0x00000000e3200000, 0x00000000e3200000| Untracked 
|  51|0x00000000e3300000, 0x00000000e3300000, 0x00000000e3400000|  0%| F|  |TAMS 0x00000000e3300000, 0x00000000e3300000| Untracked 
|  52|0x00000000e3400000, 0x00000000e3400000, 0x00000000e3500000|  0%| F|  |TAMS 0x00000000e3400000, 0x00000000e3400000| Untracked 
|  53|0x00000000e3500000, 0x00000000e3500000, 0x00000000e3600000|  0%| F|  |TAMS 0x00000000e3500000, 0x00000000e3500000| Untracked 
|  54|0x00000000e3600000, 0x00000000e3600000, 0x00000000e3700000|  0%| F|  |TAMS 0x00000000e3600000, 0x00000000e3600000| Untracked 
|  55|0x00000000e3700000, 0x00000000e3700000, 0x00000000e3800000|  0%| F|  |TAMS 0x00000000e3700000, 0x00000000e3700000| Untracked 
|  56|0x00000000e3800000, 0x00000000e3800000, 0x00000000e3900000|  0%| F|  |TAMS 0x00000000e3800000, 0x00000000e3800000| Untracked 
|  57|0x00000000e3900000, 0x00000000e3900000, 0x00000000e3a00000|  0%| F|  |TAMS 0x00000000e3900000, 0x00000000e3900000| Untracked 
|  58|0x00000000e3a00000, 0x00000000e3a00000, 0x00000000e3b00000|  0%| F|  |TAMS 0x00000000e3a00000, 0x00000000e3a00000| Untracked 
|  59|0x00000000e3b00000, 0x00000000e3b00000, 0x00000000e3c00000|  0%| F|  |TAMS 0x00000000e3b00000, 0x00000000e3b00000| Untracked 
|  60|0x00000000e3c00000, 0x00000000e3c00000, 0x00000000e3d00000|  0%| F|  |TAMS 0x00000000e3c00000, 0x00000000e3c00000| Untracked 
|  61|0x00000000e3d00000, 0x00000000e3d00000, 0x00000000e3e00000|  0%| F|  |TAMS 0x00000000e3d00000, 0x00000000e3d00000| Untracked 
|  62|0x00000000e3e00000, 0x00000000e3e00000, 0x00000000e3f00000|  0%| F|  |TAMS 0x00000000e3e00000, 0x00000000e3e00000| Untracked 
|  63|0x00000000e3f00000, 0x00000000e3f00000, 0x00000000e4000000|  0%| F|  |TAMS 0x00000000e3f00000, 0x00000000e3f00000| Untracked 
|  64|0x00000000e4000000, 0x00000000e4000000, 0x00000000e4100000|  0%| F|  |TAMS 0x00000000e4000000, 0x00000000e4000000| Untracked 
|  65|0x00000000e4100000, 0x00000000e4100000, 0x00000000e4200000|  0%| F|  |TAMS 0x00000000e4100000, 0x00000000e4100000| Untracked 
|  66|0x00000000e4200000, 0x00000000e4200000, 0x00000000e4300000|  0%| F|  |TAMS 0x00000000e4200000, 0x00000000e4200000| Untracked 
|  67|0x00000000e4300000, 0x00000000e4300000, 0x00000000e4400000|  0%| F|  |TAMS 0x00000000e4300000, 0x00000000e4300000| Untracked 
|  68|0x00000000e4400000, 0x00000000e4400000, 0x00000000e4500000|  0%| F|  |TAMS 0x00000000e4400000, 0x00000000e4400000| Untracked 
|  69|0x00000000e4500000, 0x00000000e4500000, 0x00000000e4600000|  0%| F|  |TAMS 0x00000000e4500000, 0x00000000e4500000| Untracked 
|  70|0x00000000e4600000, 0x00000000e4600000, 0x00000000e4700000|  0%| F|  |TAMS 0x00000000e4600000, 0x00000000e4600000| Untracked 
|  71|0x00000000e4700000, 0x00000000e4700000, 0x00000000e4800000|  0%| F|  |TAMS 0x00000000e4700000, 0x00000000e4700000| Untracked 
|  72|0x00000000e4800000, 0x00000000e4800000, 0x00000000e4900000|  0%| F|  |TAMS 0x00000000e4800000, 0x00000000e4800000| Untracked 
|  73|0x00000000e4900000, 0x00000000e4900000, 0x00000000e4a00000|  0%| F|  |TAMS 0x00000000e4900000, 0x00000000e4900000| Untracked 
|  74|0x00000000e4a00000, 0x00000000e4a00000, 0x00000000e4b00000|  0%| F|  |TAMS 0x00000000e4a00000, 0x00000000e4a00000| Untracked 
|  75|0x00000000e4b00000, 0x00000000e4b00000, 0x00000000e4c00000|  0%| F|  |TAMS 0x00000000e4b00000, 0x00000000e4b00000| Untracked 
|  76|0x00000000e4c00000, 0x00000000e4c00000, 0x00000000e4d00000|  0%| F|  |TAMS 0x00000000e4c00000, 0x00000000e4c00000| Untracked 
|  77|0x00000000e4d00000, 0x00000000e4d00000, 0x00000000e4e00000|  0%| F|  |TAMS 0x00000000e4d00000, 0x00000000e4d00000| Untracked 
|  78|0x00000000e4e00000, 0x00000000e4e00000, 0x00000000e4f00000|  0%| F|  |TAMS 0x00000000e4e00000, 0x00000000e4e00000| Untracked 
|  79|0x00000000e4f00000, 0x00000000e4f00000, 0x00000000e5000000|  0%| F|  |TAMS 0x00000000e4f00000, 0x00000000e4f00000| Untracked 
|  80|0x00000000e5000000, 0x00000000e5000000, 0x00000000e5100000|  0%| F|  |TAMS 0x00000000e5000000, 0x00000000e5000000| Untracked 
|  81|0x00000000e5100000, 0x00000000e5100000, 0x00000000e5200000|  0%| F|  |TAMS 0x00000000e5100000, 0x00000000e5100000| Untracked 
|  82|0x00000000e5200000, 0x00000000e5200000, 0x00000000e5300000|  0%| F|  |TAMS 0x00000000e5200000, 0x00000000e5200000| Untracked 
|  83|0x00000000e5300000, 0x00000000e5300000, 0x00000000e5400000|  0%| F|  |TAMS 0x00000000e5300000, 0x00000000e5300000| Untracked 
|  84|0x00000000e5400000, 0x00000000e5400000, 0x00000000e5500000|  0%| F|  |TAMS 0x00000000e5400000, 0x00000000e5400000| Untracked 
|  85|0x00000000e5500000, 0x00000000e5500000, 0x00000000e5600000|  0%| F|  |TAMS 0x00000000e5500000, 0x00000000e5500000| Untracked 
|  86|0x00000000e5600000, 0x00000000e5600000, 0x00000000e5700000|  0%| F|  |TAMS 0x00000000e5600000, 0x00000000e5600000| Untracked 
|  87|0x00000000e5700000, 0x00000000e5700000, 0x00000000e5800000|  0%| F|  |TAMS 0x00000000e5700000, 0x00000000e5700000| Untracked 
|  88|0x00000000e5800000, 0x00000000e5800000, 0x00000000e5900000|  0%| F|  |TAMS 0x00000000e5800000, 0x00000000e5800000| Untracked 
|  89|0x00000000e5900000, 0x00000000e5900000, 0x00000000e5a00000|  0%| F|  |TAMS 0x00000000e5900000, 0x00000000e5900000| Untracked 
|  90|0x00000000e5a00000, 0x00000000e5a00000, 0x00000000e5b00000|  0%| F|  |TAMS 0x00000000e5a00000, 0x00000000e5a00000| Untracked 
|  91|0x00000000e5b00000, 0x00000000e5b00000, 0x00000000e5c00000|  0%| F|  |TAMS 0x00000000e5b00000, 0x00000000e5b00000| Untracked 
|  92|0x00000000e5c00000, 0x00000000e5c00000, 0x00000000e5d00000|  0%| F|  |TAMS 0x00000000e5c00000, 0x00000000e5c00000| Untracked 
|  93|0x00000000e5d00000, 0x00000000e5d00000, 0x00000000e5e00000|  0%| F|  |TAMS 0x00000000e5d00000, 0x00000000e5d00000| Untracked 
|  94|0x00000000e5e00000, 0x00000000e5e00000, 0x00000000e5f00000|  0%| F|  |TAMS 0x00000000e5e00000, 0x00000000e5e00000| Untracked 
|  95|0x00000000e5f00000, 0x00000000e5f00000, 0x00000000e6000000|  0%| F|  |TAMS 0x00000000e5f00000, 0x00000000e5f00000| Untracked 
|  96|0x00000000e6000000, 0x00000000e6000000, 0x00000000e6100000|  0%| F|  |TAMS 0x00000000e6000000, 0x00000000e6000000| Untracked 
|  97|0x00000000e6100000, 0x00000000e6100000, 0x00000000e6200000|  0%| F|  |TAMS 0x00000000e6100000, 0x00000000e6100000| Untracked 
|  98|0x00000000e6200000, 0x00000000e6200000, 0x00000000e6300000|  0%| F|  |TAMS 0x00000000e6200000, 0x00000000e6200000| Untracked 
|  99|0x00000000e6300000, 0x00000000e6300000, 0x00000000e6400000|  0%| F|  |TAMS 0x00000000e6300000, 0x00000000e6300000| Untracked 
| 100|0x00000000e6400000, 0x00000000e6400000, 0x00000000e6500000|  0%| F|  |TAMS 0x00000000e6400000, 0x00000000e6400000| Untracked 
| 101|0x00000000e6500000, 0x00000000e6500000, 0x00000000e6600000|  0%| F|  |TAMS 0x00000000e6500000, 0x00000000e6500000| Untracked 
| 102|0x00000000e6600000, 0x00000000e6600000, 0x00000000e6700000|  0%| F|  |TAMS 0x00000000e6600000, 0x00000000e6600000| Untracked 
| 103|0x00000000e6700000, 0x00000000e6700000, 0x00000000e6800000|  0%| F|  |TAMS 0x00000000e6700000, 0x00000000e6700000| Untracked 
| 104|0x00000000e6800000, 0x00000000e6800000, 0x00000000e6900000|  0%| F|  |TAMS 0x00000000e6800000, 0x00000000e6800000| Untracked 
| 105|0x00000000e6900000, 0x00000000e6900000, 0x00000000e6a00000|  0%| F|  |TAMS 0x00000000e6900000, 0x00000000e6900000| Untracked 
| 106|0x00000000e6a00000, 0x00000000e6a00000, 0x00000000e6b00000|  0%| F|  |TAMS 0x00000000e6a00000, 0x00000000e6a00000| Untracked 
| 107|0x00000000e6b00000, 0x00000000e6b00000, 0x00000000e6c00000|  0%| F|  |TAMS 0x00000000e6b00000, 0x00000000e6b00000| Untracked 
| 108|0x00000000e6c00000, 0x00000000e6c00000, 0x00000000e6d00000|  0%| F|  |TAMS 0x00000000e6c00000, 0x00000000e6c00000| Untracked 
| 109|0x00000000e6d00000, 0x00000000e6d00000, 0x00000000e6e00000|  0%| F|  |TAMS 0x00000000e6d00000, 0x00000000e6d00000| Untracked 
| 110|0x00000000e6e00000, 0x00000000e6e00000, 0x00000000e6f00000|  0%| F|  |TAMS 0x00000000e6e00000, 0x00000000e6e00000| Untracked 
| 111|0x00000000e6f00000, 0x00000000e6f00000, 0x00000000e7000000|  0%| F|  |TAMS 0x00000000e6f00000, 0x00000000e6f00000| Untracked 
| 112|0x00000000e7000000, 0x00000000e7000000, 0x00000000e7100000|  0%| F|  |TAMS 0x00000000e7000000, 0x00000000e7000000| Untracked 
| 113|0x00000000e7100000, 0x00000000e7100000, 0x00000000e7200000|  0%| F|  |TAMS 0x00000000e7100000, 0x00000000e7100000| Untracked 
| 114|0x00000000e7200000, 0x00000000e7200000, 0x00000000e7300000|  0%| F|  |TAMS 0x00000000e7200000, 0x00000000e7200000| Untracked 
| 115|0x00000000e7300000, 0x00000000e7300000, 0x00000000e7400000|  0%| F|  |TAMS 0x00000000e7300000, 0x00000000e7300000| Untracked 
| 116|0x00000000e7400000, 0x00000000e7400000, 0x00000000e7500000|  0%| F|  |TAMS 0x00000000e7400000, 0x00000000e7400000| Untracked 
| 117|0x00000000e7500000, 0x00000000e7500000, 0x00000000e7600000|  0%| F|  |TAMS 0x00000000e7500000, 0x00000000e7500000| Untracked 
| 118|0x00000000e7600000, 0x00000000e7600000, 0x00000000e7700000|  0%| F|  |TAMS 0x00000000e7600000, 0x00000000e7600000| Untracked 
| 119|0x00000000e7700000, 0x00000000e7700000, 0x00000000e7800000|  0%| F|  |TAMS 0x00000000e7700000, 0x00000000e7700000| Untracked 
| 120|0x00000000e7800000, 0x00000000e7800000, 0x00000000e7900000|  0%| F|  |TAMS 0x00000000e7800000, 0x00000000e7800000| Untracked 
| 121|0x00000000e7900000, 0x00000000e7900000, 0x00000000e7a00000|  0%| F|  |TAMS 0x00000000e7900000, 0x00000000e7900000| Untracked 
| 122|0x00000000e7a00000, 0x00000000e7a00000, 0x00000000e7b00000|  0%| F|  |TAMS 0x00000000e7a00000, 0x00000000e7a00000| Untracked 
| 123|0x00000000e7b00000, 0x00000000e7b00000, 0x00000000e7c00000|  0%| F|  |TAMS 0x00000000e7b00000, 0x00000000e7b00000| Untracked 
| 124|0x00000000e7c00000, 0x00000000e7c00000, 0x00000000e7d00000|  0%| F|  |TAMS 0x00000000e7c00000, 0x00000000e7c00000| Untracked 
| 125|0x00000000e7d00000, 0x00000000e7d00000, 0x00000000e7e00000|  0%| F|  |TAMS 0x00000000e7d00000, 0x00000000e7d00000| Untracked 
| 126|0x00000000e7e00000, 0x00000000e7e00000, 0x00000000e7f00000|  0%| F|  |TAMS 0x00000000e7e00000, 0x00000000e7e00000| Untracked 
| 127|0x00000000e7f00000, 0x00000000e7f00000, 0x00000000e8000000|  0%| F|  |TAMS 0x00000000e7f00000, 0x00000000e7f00000| Untracked 
| 128|0x00000000e8000000, 0x00000000e8000000, 0x00000000e8100000|  0%| F|  |TAMS 0x00000000e8000000, 0x00000000e8000000| Untracked 
| 129|0x00000000e8100000, 0x00000000e8100000, 0x00000000e8200000|  0%| F|  |TAMS 0x00000000e8100000, 0x00000000e8100000| Untracked 
| 130|0x00000000e8200000, 0x00000000e8200000, 0x00000000e8300000|  0%| F|  |TAMS 0x00000000e8200000, 0x00000000e8200000| Untracked 
| 131|0x00000000e8300000, 0x00000000e8300000, 0x00000000e8400000|  0%| F|  |TAMS 0x00000000e8300000, 0x00000000e8300000| Untracked 
| 132|0x00000000e8400000, 0x00000000e8400000, 0x00000000e8500000|  0%| F|  |TAMS 0x00000000e8400000, 0x00000000e8400000| Untracked 
| 133|0x00000000e8500000, 0x00000000e8500000, 0x00000000e8600000|  0%| F|  |TAMS 0x00000000e8500000, 0x00000000e8500000| Untracked 
| 134|0x00000000e8600000, 0x00000000e8600000, 0x00000000e8700000|  0%| F|  |TAMS 0x00000000e8600000, 0x00000000e8600000| Untracked 
| 135|0x00000000e8700000, 0x00000000e8700000, 0x00000000e8800000|  0%| F|  |TAMS 0x00000000e8700000, 0x00000000e8700000| Untracked 
| 136|0x00000000e8800000, 0x00000000e8800000, 0x00000000e8900000|  0%| F|  |TAMS 0x00000000e8800000, 0x00000000e8800000| Untracked 
| 137|0x00000000e8900000, 0x00000000e8900000, 0x00000000e8a00000|  0%| F|  |TAMS 0x00000000e8900000, 0x00000000e8900000| Untracked 
| 138|0x00000000e8a00000, 0x00000000e8a00000, 0x00000000e8b00000|  0%| F|  |TAMS 0x00000000e8a00000, 0x00000000e8a00000| Untracked 
| 139|0x00000000e8b00000, 0x00000000e8b00000, 0x00000000e8c00000|  0%| F|  |TAMS 0x00000000e8b00000, 0x00000000e8b00000| Untracked 
| 140|0x00000000e8c00000, 0x00000000e8c00000, 0x00000000e8d00000|  0%| F|  |TAMS 0x00000000e8c00000, 0x00000000e8c00000| Untracked 
| 141|0x00000000e8d00000, 0x00000000e8d7ed20, 0x00000000e8e00000| 49%| S|CS|TAMS 0x00000000e8d00000, 0x00000000e8d00000| Complete 
| 142|0x00000000e8e00000, 0x00000000e8f00000, 0x00000000e8f00000|100%| S|CS|TAMS 0x00000000e8e00000, 0x00000000e8e00000| Complete 
| 143|0x00000000e8f00000, 0x00000000e9000000, 0x00000000e9000000|100%| S|CS|TAMS 0x00000000e8f00000, 0x00000000e8f00000| Complete 
| 144|0x00000000e9000000, 0x00000000e9100000, 0x00000000e9100000|100%| S|CS|TAMS 0x00000000e9000000, 0x00000000e9000000| Complete 
| 145|0x00000000e9100000, 0x00000000e9200000, 0x00000000e9200000|100%| S|CS|TAMS 0x00000000e9100000, 0x00000000e9100000| Complete 
| 146|0x00000000e9200000, 0x00000000e9300000, 0x00000000e9300000|100%| S|CS|TAMS 0x00000000e9200000, 0x00000000e9200000| Complete 
| 147|0x00000000e9300000, 0x00000000e9400000, 0x00000000e9400000|100%| S|CS|TAMS 0x00000000e9300000, 0x00000000e9300000| Complete 
| 148|0x00000000e9400000, 0x00000000e9500000, 0x00000000e9500000|100%| S|CS|TAMS 0x00000000e9400000, 0x00000000e9400000| Complete 
| 149|0x00000000e9500000, 0x00000000e9600000, 0x00000000e9600000|100%| S|CS|TAMS 0x00000000e9500000, 0x00000000e9500000| Complete 
| 150|0x00000000e9600000, 0x00000000e9700000, 0x00000000e9700000|100%| S|CS|TAMS 0x00000000e9600000, 0x00000000e9600000| Complete 
| 151|0x00000000e9700000, 0x00000000e9800000, 0x00000000e9800000|100%| S|CS|TAMS 0x00000000e9700000, 0x00000000e9700000| Complete 
| 152|0x00000000e9800000, 0x00000000e9900000, 0x00000000e9900000|100%| S|CS|TAMS 0x00000000e9800000, 0x00000000e9800000| Complete 
| 153|0x00000000e9900000, 0x00000000e9900000, 0x00000000e9a00000|  0%| F|  |TAMS 0x00000000e9900000, 0x00000000e9900000| Untracked 
| 154|0x00000000e9a00000, 0x00000000e9a00000, 0x00000000e9b00000|  0%| F|  |TAMS 0x00000000e9a00000, 0x00000000e9a00000| Untracked 
| 155|0x00000000e9b00000, 0x00000000e9b00000, 0x00000000e9c00000|  0%| F|  |TAMS 0x00000000e9b00000, 0x00000000e9b00000| Untracked 
| 156|0x00000000e9c00000, 0x00000000e9c00000, 0x00000000e9d00000|  0%| F|  |TAMS 0x00000000e9c00000, 0x00000000e9c00000| Untracked 
| 157|0x00000000e9d00000, 0x00000000e9d00000, 0x00000000e9e00000|  0%| F|  |TAMS 0x00000000e9d00000, 0x00000000e9d00000| Untracked 
| 158|0x00000000e9e00000, 0x00000000e9e00000, 0x00000000e9f00000|  0%| F|  |TAMS 0x00000000e9e00000, 0x00000000e9e00000| Untracked 
| 159|0x00000000e9f00000, 0x00000000e9f00000, 0x00000000ea000000|  0%| F|  |TAMS 0x00000000e9f00000, 0x00000000e9f00000| Untracked 
| 160|0x00000000ea000000, 0x00000000ea000000, 0x00000000ea100000|  0%| F|  |TAMS 0x00000000ea000000, 0x00000000ea000000| Untracked 
| 161|0x00000000ea100000, 0x00000000ea100000, 0x00000000ea200000|  0%| F|  |TAMS 0x00000000ea100000, 0x00000000ea100000| Untracked 
| 162|0x00000000ea200000, 0x00000000ea200000, 0x00000000ea300000|  0%| F|  |TAMS 0x00000000ea200000, 0x00000000ea200000| Untracked 
| 163|0x00000000ea300000, 0x00000000ea300000, 0x00000000ea400000|  0%| F|  |TAMS 0x00000000ea300000, 0x00000000ea300000| Untracked 
| 164|0x00000000ea400000, 0x00000000ea400000, 0x00000000ea500000|  0%| F|  |TAMS 0x00000000ea400000, 0x00000000ea400000| Untracked 
| 165|0x00000000ea500000, 0x00000000ea500000, 0x00000000ea600000|  0%| F|  |TAMS 0x00000000ea500000, 0x00000000ea500000| Untracked 
| 166|0x00000000ea600000, 0x00000000ea600000, 0x00000000ea700000|  0%| F|  |TAMS 0x00000000ea600000, 0x00000000ea600000| Untracked 
| 167|0x00000000ea700000, 0x00000000ea700000, 0x00000000ea800000|  0%| F|  |TAMS 0x00000000ea700000, 0x00000000ea700000| Untracked 
| 168|0x00000000ea800000, 0x00000000ea800000, 0x00000000ea900000|  0%| F|  |TAMS 0x00000000ea800000, 0x00000000ea800000| Untracked 
| 169|0x00000000ea900000, 0x00000000ea900000, 0x00000000eaa00000|  0%| F|  |TAMS 0x00000000ea900000, 0x00000000ea900000| Untracked 
| 170|0x00000000eaa00000, 0x00000000eaa00000, 0x00000000eab00000|  0%| F|  |TAMS 0x00000000eaa00000, 0x00000000eaa00000| Untracked 
| 171|0x00000000eab00000, 0x00000000eab00000, 0x00000000eac00000|  0%| F|  |TAMS 0x00000000eab00000, 0x00000000eab00000| Untracked 
| 172|0x00000000eac00000, 0x00000000eac00000, 0x00000000ead00000|  0%| F|  |TAMS 0x00000000eac00000, 0x00000000eac00000| Untracked 
| 173|0x00000000ead00000, 0x00000000ead00000, 0x00000000eae00000|  0%| F|  |TAMS 0x00000000ead00000, 0x00000000ead00000| Untracked 
| 174|0x00000000eae00000, 0x00000000eae00000, 0x00000000eaf00000|  0%| F|  |TAMS 0x00000000eae00000, 0x00000000eae00000| Untracked 
| 175|0x00000000eaf00000, 0x00000000eaf00000, 0x00000000eb000000|  0%| F|  |TAMS 0x00000000eaf00000, 0x00000000eaf00000| Untracked 
| 176|0x00000000eb000000, 0x00000000eb000000, 0x00000000eb100000|  0%| F|  |TAMS 0x00000000eb000000, 0x00000000eb000000| Untracked 
| 177|0x00000000eb100000, 0x00000000eb100000, 0x00000000eb200000|  0%| F|  |TAMS 0x00000000eb100000, 0x00000000eb100000| Untracked 
| 178|0x00000000eb200000, 0x00000000eb200000, 0x00000000eb300000|  0%| F|  |TAMS 0x00000000eb200000, 0x00000000eb200000| Untracked 
| 179|0x00000000eb300000, 0x00000000eb300000, 0x00000000eb400000|  0%| F|  |TAMS 0x00000000eb300000, 0x00000000eb300000| Untracked 
| 180|0x00000000eb400000, 0x00000000eb400000, 0x00000000eb500000|  0%| F|  |TAMS 0x00000000eb400000, 0x00000000eb400000| Untracked 
| 181|0x00000000eb500000, 0x00000000eb500000, 0x00000000eb600000|  0%| F|  |TAMS 0x00000000eb500000, 0x00000000eb500000| Untracked 
| 182|0x00000000eb600000, 0x00000000eb600000, 0x00000000eb700000|  0%| F|  |TAMS 0x00000000eb600000, 0x00000000eb600000| Untracked 
| 183|0x00000000eb700000, 0x00000000eb700000, 0x00000000eb800000|  0%| F|  |TAMS 0x00000000eb700000, 0x00000000eb700000| Untracked 
| 184|0x00000000eb800000, 0x00000000eb800000, 0x00000000eb900000|  0%| F|  |TAMS 0x00000000eb800000, 0x00000000eb800000| Untracked 
| 185|0x00000000eb900000, 0x00000000eb900000, 0x00000000eba00000|  0%| F|  |TAMS 0x00000000eb900000, 0x00000000eb900000| Untracked 
| 186|0x00000000eba00000, 0x00000000eba00000, 0x00000000ebb00000|  0%| F|  |TAMS 0x00000000eba00000, 0x00000000eba00000| Untracked 
| 187|0x00000000ebb00000, 0x00000000ebb00000, 0x00000000ebc00000|  0%| F|  |TAMS 0x00000000ebb00000, 0x00000000ebb00000| Untracked 
| 188|0x00000000ebc00000, 0x00000000ebc00000, 0x00000000ebd00000|  0%| F|  |TAMS 0x00000000ebc00000, 0x00000000ebc00000| Untracked 
| 189|0x00000000ebd00000, 0x00000000ebd00000, 0x00000000ebe00000|  0%| F|  |TAMS 0x00000000ebd00000, 0x00000000ebd00000| Untracked 
| 190|0x00000000ebe00000, 0x00000000ebe00000, 0x00000000ebf00000|  0%| F|  |TAMS 0x00000000ebe00000, 0x00000000ebe00000| Untracked 
| 191|0x00000000ebf00000, 0x00000000ebf00000, 0x00000000ec000000|  0%| F|  |TAMS 0x00000000ebf00000, 0x00000000ebf00000| Untracked 
| 192|0x00000000ec000000, 0x00000000ec000000, 0x00000000ec100000|  0%| F|  |TAMS 0x00000000ec000000, 0x00000000ec000000| Untracked 
| 193|0x00000000ec100000, 0x00000000ec100000, 0x00000000ec200000|  0%| F|  |TAMS 0x00000000ec100000, 0x00000000ec100000| Untracked 
| 194|0x00000000ec200000, 0x00000000ec200000, 0x00000000ec300000|  0%| F|  |TAMS 0x00000000ec200000, 0x00000000ec200000| Untracked 
| 195|0x00000000ec300000, 0x00000000ec300000, 0x00000000ec400000|  0%| F|  |TAMS 0x00000000ec300000, 0x00000000ec300000| Untracked 
| 196|0x00000000ec400000, 0x00000000ec400000, 0x00000000ec500000|  0%| F|  |TAMS 0x00000000ec400000, 0x00000000ec400000| Untracked 
| 197|0x00000000ec500000, 0x00000000ec500000, 0x00000000ec600000|  0%| F|  |TAMS 0x00000000ec500000, 0x00000000ec500000| Untracked 
| 198|0x00000000ec600000, 0x00000000ec600000, 0x00000000ec700000|  0%| F|  |TAMS 0x00000000ec600000, 0x00000000ec600000| Untracked 
| 199|0x00000000ec700000, 0x00000000ec700000, 0x00000000ec800000|  0%| F|  |TAMS 0x00000000ec700000, 0x00000000ec700000| Untracked 
| 200|0x00000000ec800000, 0x00000000ec800000, 0x00000000ec900000|  0%| F|  |TAMS 0x00000000ec800000, 0x00000000ec800000| Untracked 
| 201|0x00000000ec900000, 0x00000000ec900000, 0x00000000eca00000|  0%| F|  |TAMS 0x00000000ec900000, 0x00000000ec900000| Untracked 
| 202|0x00000000eca00000, 0x00000000eca00000, 0x00000000ecb00000|  0%| F|  |TAMS 0x00000000eca00000, 0x00000000eca00000| Untracked 
| 203|0x00000000ecb00000, 0x00000000ecb00000, 0x00000000ecc00000|  0%| F|  |TAMS 0x00000000ecb00000, 0x00000000ecb00000| Untracked 
| 204|0x00000000ecc00000, 0x00000000ecc00000, 0x00000000ecd00000|  0%| F|  |TAMS 0x00000000ecc00000, 0x00000000ecc00000| Untracked 
| 205|0x00000000ecd00000, 0x00000000ecd00000, 0x00000000ece00000|  0%| F|  |TAMS 0x00000000ecd00000, 0x00000000ecd00000| Untracked 
| 206|0x00000000ece00000, 0x00000000ece00000, 0x00000000ecf00000|  0%| F|  |TAMS 0x00000000ece00000, 0x00000000ece00000| Untracked 
| 207|0x00000000ecf00000, 0x00000000ecf00000, 0x00000000ed000000|  0%| F|  |TAMS 0x00000000ecf00000, 0x00000000ecf00000| Untracked 
| 208|0x00000000ed000000, 0x00000000ed000000, 0x00000000ed100000|  0%| F|  |TAMS 0x00000000ed000000, 0x00000000ed000000| Untracked 
| 209|0x00000000ed100000, 0x00000000ed100000, 0x00000000ed200000|  0%| F|  |TAMS 0x00000000ed100000, 0x00000000ed100000| Untracked 
| 210|0x00000000ed200000, 0x00000000ed200000, 0x00000000ed300000|  0%| F|  |TAMS 0x00000000ed200000, 0x00000000ed200000| Untracked 
| 211|0x00000000ed300000, 0x00000000ed300000, 0x00000000ed400000|  0%| F|  |TAMS 0x00000000ed300000, 0x00000000ed300000| Untracked 
| 212|0x00000000ed400000, 0x00000000ed400000, 0x00000000ed500000|  0%| F|  |TAMS 0x00000000ed400000, 0x00000000ed400000| Untracked 
| 213|0x00000000ed500000, 0x00000000ed500000, 0x00000000ed600000|  0%| F|  |TAMS 0x00000000ed500000, 0x00000000ed500000| Untracked 
| 214|0x00000000ed600000, 0x00000000ed600000, 0x00000000ed700000|  0%| F|  |TAMS 0x00000000ed600000, 0x00000000ed600000| Untracked 
| 215|0x00000000ed700000, 0x00000000ed700000, 0x00000000ed800000|  0%| F|  |TAMS 0x00000000ed700000, 0x00000000ed700000| Untracked 
| 216|0x00000000ed800000, 0x00000000ed800000, 0x00000000ed900000|  0%| F|  |TAMS 0x00000000ed800000, 0x00000000ed800000| Untracked 
| 217|0x00000000ed900000, 0x00000000ed900000, 0x00000000eda00000|  0%| F|  |TAMS 0x00000000ed900000, 0x00000000ed900000| Untracked 
| 218|0x00000000eda00000, 0x00000000eda00000, 0x00000000edb00000|  0%| F|  |TAMS 0x00000000eda00000, 0x00000000eda00000| Untracked 
| 219|0x00000000edb00000, 0x00000000edb00000, 0x00000000edc00000|  0%| F|  |TAMS 0x00000000edb00000, 0x00000000edb00000| Untracked 
| 220|0x00000000edc00000, 0x00000000edc00000, 0x00000000edd00000|  0%| F|  |TAMS 0x00000000edc00000, 0x00000000edc00000| Untracked 
| 221|0x00000000edd00000, 0x00000000edd00000, 0x00000000ede00000|  0%| F|  |TAMS 0x00000000edd00000, 0x00000000edd00000| Untracked 
| 222|0x00000000ede00000, 0x00000000ede00000, 0x00000000edf00000|  0%| F|  |TAMS 0x00000000ede00000, 0x00000000ede00000| Untracked 
| 223|0x00000000edf00000, 0x00000000edf00000, 0x00000000ee000000|  0%| F|  |TAMS 0x00000000edf00000, 0x00000000edf00000| Untracked 
| 224|0x00000000ee000000, 0x00000000ee080800, 0x00000000ee100000| 50%| E|  |TAMS 0x00000000ee000000, 0x00000000ee000000| Complete 
| 225|0x00000000ee100000, 0x00000000ee200000, 0x00000000ee200000|100%| E|CS|TAMS 0x00000000ee100000, 0x00000000ee100000| Complete 
| 226|0x00000000ee200000, 0x00000000ee300000, 0x00000000ee300000|100%| E|CS|TAMS 0x00000000ee200000, 0x00000000ee200000| Complete 
| 227|0x00000000ee300000, 0x00000000ee400000, 0x00000000ee400000|100%| E|  |TAMS 0x00000000ee300000, 0x00000000ee300000| Complete 
| 228|0x00000000ee400000, 0x00000000ee500000, 0x00000000ee500000|100%| E|CS|TAMS 0x00000000ee400000, 0x00000000ee400000| Complete 
| 229|0x00000000ee500000, 0x00000000ee600000, 0x00000000ee600000|100%| E|CS|TAMS 0x00000000ee500000, 0x00000000ee500000| Complete 
| 230|0x00000000ee600000, 0x00000000ee700000, 0x00000000ee700000|100%| E|CS|TAMS 0x00000000ee600000, 0x00000000ee600000| Complete 
| 231|0x00000000ee700000, 0x00000000ee800000, 0x00000000ee800000|100%| E|CS|TAMS 0x00000000ee700000, 0x00000000ee700000| Complete 
| 232|0x00000000ee800000, 0x00000000ee900000, 0x00000000ee900000|100%| E|CS|TAMS 0x00000000ee800000, 0x00000000ee800000| Complete 
| 233|0x00000000ee900000, 0x00000000eea00000, 0x00000000eea00000|100%| E|CS|TAMS 0x00000000ee900000, 0x00000000ee900000| Complete 
| 234|0x00000000eea00000, 0x00000000eeb00000, 0x00000000eeb00000|100%| E|CS|TAMS 0x00000000eea00000, 0x00000000eea00000| Complete 
| 235|0x00000000eeb00000, 0x00000000eec00000, 0x00000000eec00000|100%| E|CS|TAMS 0x00000000eeb00000, 0x00000000eeb00000| Complete 
| 236|0x00000000eec00000, 0x00000000eed00000, 0x00000000eed00000|100%| E|CS|TAMS 0x00000000eec00000, 0x00000000eec00000| Complete 
| 237|0x00000000eed00000, 0x00000000eee00000, 0x00000000eee00000|100%| E|CS|TAMS 0x00000000eed00000, 0x00000000eed00000| Complete 
| 238|0x00000000eee00000, 0x00000000eef00000, 0x00000000eef00000|100%| E|CS|TAMS 0x00000000eee00000, 0x00000000eee00000| Complete 
| 239|0x00000000eef00000, 0x00000000ef000000, 0x00000000ef000000|100%| E|CS|TAMS 0x00000000eef00000, 0x00000000eef00000| Complete 
| 240|0x00000000ef000000, 0x00000000ef100000, 0x00000000ef100000|100%| E|CS|TAMS 0x00000000ef000000, 0x00000000ef000000| Complete 
| 241|0x00000000ef100000, 0x00000000ef200000, 0x00000000ef200000|100%| E|CS|TAMS 0x00000000ef100000, 0x00000000ef100000| Complete 
| 242|0x00000000ef200000, 0x00000000ef300000, 0x00000000ef300000|100%| E|CS|TAMS 0x00000000ef200000, 0x00000000ef200000| Complete 
| 243|0x00000000ef300000, 0x00000000ef400000, 0x00000000ef400000|100%| E|CS|TAMS 0x00000000ef300000, 0x00000000ef300000| Complete 
| 244|0x00000000ef400000, 0x00000000ef500000, 0x00000000ef500000|100%| E|CS|TAMS 0x00000000ef400000, 0x00000000ef400000| Complete 
| 245|0x00000000ef500000, 0x00000000ef600000, 0x00000000ef600000|100%| E|CS|TAMS 0x00000000ef500000, 0x00000000ef500000| Complete 
| 246|0x00000000ef600000, 0x00000000ef700000, 0x00000000ef700000|100%| E|CS|TAMS 0x00000000ef600000, 0x00000000ef600000| Complete 
| 247|0x00000000ef700000, 0x00000000ef800000, 0x00000000ef800000|100%| E|CS|TAMS 0x00000000ef700000, 0x00000000ef700000| Complete 
| 248|0x00000000ef800000, 0x00000000ef900000, 0x00000000ef900000|100%| E|CS|TAMS 0x00000000ef800000, 0x00000000ef800000| Complete 
| 249|0x00000000ef900000, 0x00000000efa00000, 0x00000000efa00000|100%| E|CS|TAMS 0x00000000ef900000, 0x00000000ef900000| Complete 
| 250|0x00000000efa00000, 0x00000000efb00000, 0x00000000efb00000|100%| E|CS|TAMS 0x00000000efa00000, 0x00000000efa00000| Complete 
| 251|0x00000000efb00000, 0x00000000efc00000, 0x00000000efc00000|100%| E|CS|TAMS 0x00000000efb00000, 0x00000000efb00000| Complete 
| 252|0x00000000efc00000, 0x00000000efd00000, 0x00000000efd00000|100%| E|CS|TAMS 0x00000000efc00000, 0x00000000efc00000| Complete 
| 253|0x00000000efd00000, 0x00000000efe00000, 0x00000000efe00000|100%| E|CS|TAMS 0x00000000efd00000, 0x00000000efd00000| Complete 
| 254|0x00000000efe00000, 0x00000000eff00000, 0x00000000eff00000|100%| E|CS|TAMS 0x00000000efe00000, 0x00000000efe00000| Complete 
| 255|0x00000000eff00000, 0x00000000f0000000, 0x00000000f0000000|100%| E|CS|TAMS 0x00000000eff00000, 0x00000000eff00000| Complete 

Card table byte_map: [0x000001e03fcc0000,0x000001e03fdc0000] _byte_map_base: 0x000001e03f5c0000

Marking Bits (Prev, Next): (CMBitMap*) 0x000001e0286583e0, (CMBitMap*) 0x000001e0286583a0
 Prev Bits: [0x000001e0406c0000, 0x000001e040ec0000)
 Next Bits: [0x000001e03fec0000, 0x000001e0406c0000)

Polling page: 0x000001e030130000

Metaspace:

Usage:
  Non-class:     24.09 MB used.
      Class:      3.96 MB used.
       Both:     28.04 MB used.

Virtual space:
  Non-class space:       32.00 MB reserved,      24.25 MB ( 76%) committed,  4 nodes.
      Class space:      208.00 MB reserved,       4.06 MB (  2%) committed,  1 nodes.
             Both:      240.00 MB reserved,      28.31 MB ( 12%) committed. 

Chunk freelists:
   Non-Class:  2.88 MB
       Class:  3.88 MB
        Both:  6.75 MB

MaxMetaspaceSize: 256.00 MB
CompressedClassSpaceSize: 208.00 MB
Initial GC threshold: 21.00 MB
Current GC threshold: 35.13 MB
CDS: on
MetaspaceReclaimPolicy: balanced
 - commit_granule_bytes: 65536.
 - commit_granule_words: 8192.
 - virtual_space_node_default_size: 1048576.
 - enlarge_chunks_in_place: 1.
 - new_chunks_are_fully_committed: 0.
 - uncommit_free_chunks: 1.
 - use_allocation_guard: 0.
 - handle_deallocations: 1.


Internal statistics:

num_allocs_failed_limit: 3.
num_arena_births: 246.
num_arena_deaths: 0.
num_vsnodes_births: 5.
num_vsnodes_deaths: 0.
num_space_committed: 453.
num_space_uncommitted: 0.
num_chunks_returned_to_freelist: 3.
num_chunks_taken_from_freelist: 1224.
num_chunk_merges: 3.
num_chunk_splits: 824.
num_chunks_enlarged: 614.
num_purges: 0.
num_inconsistent_stats: 0.

CodeHeap 'non-profiled nmethods': size=120000Kb used=1868Kb max_used=1868Kb free=118132Kb
 bounds [0x000001e037c20000, 0x000001e037e90000, 0x000001e03f150000]
CodeHeap 'profiled nmethods': size=120000Kb used=6508Kb max_used=6508Kb free=113492Kb
 bounds [0x000001e0306f0000, 0x000001e030d50000, 0x000001e037c20000]
CodeHeap 'non-nmethods': size=5760Kb used=1649Kb max_used=1700Kb free=4110Kb
 bounds [0x000001e030150000, 0x000001e0303c0000, 0x000001e0306f0000]
 total_blobs=3718 nmethods=3076 adapters=554
 compilation: enabled
              stopped_count=0, restarted_count=0
 full_count=0

Compilation events (20 events):
Event: 4.784 Thread 0x000001e043941000 3012       3       sun.nio.fs.WindowsNativeDispatcher::asNativeBuffer (103 bytes)
Event: 4.785 Thread 0x000001e043941000 nmethod 3012 0x000001e030d25810 code [0x000001e030d25a80, 0x000001e030d264b8]
Event: 4.788 Thread 0x000001e043941000 3013   !   3       java.lang.invoke.BootstrapMethodInvoker::invoke (974 bytes)
Event: 4.791 Thread 0x000001e043940650 nmethod 2898 0x000001e037de5e10 code [0x000001e037de6180, 0x000001e037deb548]
Event: 4.791 Thread 0x000001e043940650 3007       4       java.nio.DirectIntBufferU::ix (10 bytes)
Event: 4.792 Thread 0x000001e043940650 nmethod 3007 0x000001e037decc90 code [0x000001e037dece00, 0x000001e037dece78]
Event: 4.792 Thread 0x000001e043940650 3005       4       java.net.URLStreamHandler::toExternalForm (156 bytes)
Event: 4.799 Thread 0x000001e043941000 nmethod 3013 0x000001e030d26890 code [0x000001e030d27140, 0x000001e030d319f8]
Event: 4.799 Thread 0x000001e043941000 3014       3       java.lang.invoke.MethodHandleNatives::staticArgumentsPulled (5 bytes)
Event: 4.800 Thread 0x000001e043941000 nmethod 3014 0x000001e030d35310 code [0x000001e030d354a0, 0x000001e030d35698]
Event: 4.800 Thread 0x000001e043941000 3015       3       java.lang.invoke.ConstantCallSite::<init> (17 bytes)
Event: 4.800 Thread 0x000001e043941000 nmethod 3015 0x000001e030d35710 code [0x000001e030d35900, 0x000001e030d35ee8]
Event: 4.800 Thread 0x000001e043941000 3016       3       java.lang.invoke.CallSite::<init> (23 bytes)
Event: 4.801 Thread 0x000001e043941000 nmethod 3016 0x000001e030d36190 code [0x000001e030d36360, 0x000001e030d36868]
Event: 4.801 Thread 0x000001e043941000 3017       3       java.lang.invoke.MethodHandleNatives$CallSiteContext::make (19 bytes)
Event: 4.801 Thread 0x000001e043941000 nmethod 3017 0x000001e030d36a90 code [0x000001e030d36c40, 0x000001e030d36f08]
Event: 4.801 Thread 0x000001e043941000 3018       3       java.lang.invoke.MethodHandleNatives$CallSiteContext::<init> (5 bytes)
Event: 4.801 Thread 0x000001e043941000 nmethod 3018 0x000001e030d37090 code [0x000001e030d37220, 0x000001e030d37378]
Event: 4.802 Thread 0x000001e043941000 3019       3       sun.nio.fs.WindowsPath::getFileSystem (5 bytes)
Event: 4.803 Thread 0x000001e043941000 nmethod 3019 0x000001e030d37410 code [0x000001e030d375a0, 0x000001e030d37758]

GC Heap History (6 events):
Event: 0.575 GC heap before
{Heap before GC invocations=0 (full 0):
 garbage-first heap   total 262144K, used 28672K [0x00000000e0000000, 0x0000000100000000)
  region size 1024K, 23 young (23552K), 0 survivors (0K)
 Metaspace       used 2993K, committed 3136K, reserved 221184K
  class space    used 382K, committed 448K, reserved 212992K
}
Event: 0.578 GC heap after
{Heap after GC invocations=1 (full 0):
 garbage-first heap   total 262144K, used 8930K [0x00000000e0000000, 0x0000000100000000)
  region size 1024K, 3 young (3072K), 3 survivors (3072K)
 Metaspace       used 2993K, committed 3136K, reserved 221184K
  class space    used 382K, committed 448K, reserved 212992K
}
Event: 0.940 GC heap before
{Heap before GC invocations=1 (full 0):
 garbage-first heap   total 262144K, used 37602K [0x00000000e0000000, 0x0000000100000000)
  region size 1024K, 31 young (31744K), 3 survivors (3072K)
 Metaspace       used 3919K, committed 4096K, reserved 221184K
  class space    used 477K, committed 576K, reserved 212992K
}
Event: 0.944 GC heap after
{Heap after GC invocations=2 (full 0):
 garbage-first heap   total 262144K, used 13312K [0x00000000e0000000, 0x0000000100000000)
  region size 1024K, 4 young (4096K), 4 survivors (4096K)
 Metaspace       used 3919K, committed 4096K, reserved 221184K
  class space    used 477K, committed 576K, reserved 212992K
}
Event: 3.754 GC heap before
{Heap before GC invocations=2 (full 0):
 garbage-first heap   total 262144K, used 113664K [0x00000000e0000000, 0x0000000100000000)
  region size 1024K, 103 young (105472K), 4 survivors (4096K)
 Metaspace       used 21254K, committed 21504K, reserved 237568K
  class space    used 3152K, committed 3264K, reserved 212992K
}
Event: 3.768 GC heap after
{Heap after GC invocations=3 (full 0):
 garbage-first heap   total 262144K, used 20987K [0x00000000e0000000, 0x0000000100000000)
  region size 1024K, 12 young (12288K), 12 survivors (12288K)
 Metaspace       used 21254K, committed 21504K, reserved 237568K
  class space    used 3152K, committed 3264K, reserved 212992K
}

Deoptimization events (20 events):
Event: 4.763 Thread 0x000001e046d8e000 DEOPT PACKING pc=0x000001e030ca5ac4 sp=0x00000078e67f7770
Event: 4.763 Thread 0x000001e046d8e000 DEOPT UNPACKING pc=0x000001e0301a2b43 sp=0x00000078e67f6c58 mode 1
Event: 4.764 Thread 0x000001e046d8e000 DEOPT PACKING pc=0x000001e0307f6c41 sp=0x00000078e67f4160
Event: 4.764 Thread 0x000001e046d8e000 DEOPT UNPACKING pc=0x000001e0301a2b43 sp=0x00000078e67f3608 mode 1
Event: 4.764 Thread 0x000001e046d8e000 DEOPT PACKING pc=0x000001e030ca5ac4 sp=0x00000078e67f41c0
Event: 4.764 Thread 0x000001e046d8e000 DEOPT UNPACKING pc=0x000001e0301a2b43 sp=0x00000078e67f36a8 mode 1
Event: 4.764 Thread 0x000001e046d8e000 DEOPT PACKING pc=0x000001e030ca4919 sp=0x00000078e67f4130
Event: 4.764 Thread 0x000001e046d8e000 DEOPT UNPACKING pc=0x000001e0301a2b43 sp=0x00000078e67f3628 mode 1
Event: 4.764 Thread 0x000001e046d8e000 DEOPT PACKING pc=0x000001e030ca5ac4 sp=0x00000078e67f42a0
Event: 4.764 Thread 0x000001e046d8e000 DEOPT UNPACKING pc=0x000001e0301a2b43 sp=0x00000078e67f3788 mode 1
Event: 4.771 Thread 0x000001e046d8e000 Uncommon trap: trap_request=0xffffffc6 fr.pc=0x000001e037d95f28 relative=0x0000000000003d48
Event: 4.771 Thread 0x000001e046d8e000 Uncommon trap: reason=bimorphic_or_optimized_type_check action=maybe_recompile pc=0x000001e037d95f28 method=java.net.URL.<init>(Ljava/net/URL;Ljava/lang/String;Ljava/net/URLStreamHandler;)V @ 504 c2
Event: 4.771 Thread 0x000001e046d8e000 DEOPT PACKING pc=0x000001e037d95f28 sp=0x00000078e67f7970
Event: 4.771 Thread 0x000001e046d8e000 DEOPT UNPACKING pc=0x000001e0301a23a3 sp=0x00000078e67f7970 mode 2
Event: 4.773 Thread 0x000001e046d8e000 DEOPT PACKING pc=0x000001e030a93dbf sp=0x00000078e67f7bc0
Event: 4.773 Thread 0x000001e046d8e000 DEOPT UNPACKING pc=0x000001e0301a2b43 sp=0x00000078e67f7140 mode 0
Event: 4.773 Thread 0x000001e046d8e000 Uncommon trap: trap_request=0xffffff45 fr.pc=0x000001e037c396c0 relative=0x0000000000000040
Event: 4.773 Thread 0x000001e046d8e000 Uncommon trap: reason=unstable_if action=reinterpret pc=0x000001e037c396c0 method=sun.nio.fs.WindowsPathParser.isSlash(C)Z @ 9 c2
Event: 4.773 Thread 0x000001e046d8e000 DEOPT PACKING pc=0x000001e037c396c0 sp=0x00000078e67f7c40
Event: 4.773 Thread 0x000001e046d8e000 DEOPT UNPACKING pc=0x000001e0301a23a3 sp=0x00000078e67f7bd8 mode 2

Classes unloaded (0 events):
No events

Classes redefined (0 events):
No events

Internal exceptions (20 events):
Event: 3.586 Thread 0x000001e046d8e000 Exception <a 'java/lang/NoSuchMethodError'{0x00000000ea046260}: 'java.lang.Object java.lang.invoke.DirectMethodHandle$Holder.invokeStaticInit(java.lang.Object, java.lang.Object, java.lang.Object, java.lang.Object)'> (0x00000000ea046260) 
thrown [c:\wsjdk\corretto17src\installers\windows\zip\corretto-build\buildroot\src\hotspot\share\interpreter\linkResolver.cpp, line 766]
Event: 3.716 Thread 0x000001e046d8e000 Exception <a 'java/lang/NoSuchMethodError'{0x00000000e9be6938}: 'java.lang.Object java.lang.invoke.DirectMethodHandle$Holder.newInvokeSpecial(java.lang.Object, java.lang.Object, java.lang.Object, java.lang.Object, java.lang.Object, java.lang.Object, java.lang.Object, java.lang.Object)'> (0x00000000e9be6938) 
thrown [c:\wsjdk\corretto17src\installers\windows\zip\corretto-build\buildroot\src\hotspot\share\interpreter\linkResolver.cpp, line 766]
Event: 3.716 Thread 0x000001e046d8e000 Exception <a 'java/lang/NoSuchMethodError'{0x00000000e9bec718}: 'java.lang.Object java.lang.invoke.Invokers$Holder.linkToTargetMethod(java.lang.Object, java.lang.Object, java.lang.Object, java.lang.Object, java.lang.Object, java.lang.Object, java.lang.Object, java.lang.Object)'> (0x00000000e9bec718) 
thrown [c:\wsjdk\corretto17src\installers\windows\zip\corretto-build\buildroot\src\hotspot\share\interpreter\linkResolver.cpp, line 766]
Event: 3.721 Thread 0x000001e046d8e000 Exception <a 'java/lang/NoSuchMethodError'{0x00000000e9a23b00}: 'java.lang.Object java.lang.invoke.DirectMethodHandle$Holder.newInvokeSpecial(java.lang.Object, java.lang.Object, java.lang.Object, java.lang.Object, java.lang.Object, java.lang.Object, java.lang.Object)'> (0x00000000e9a23b00) 
thrown [c:\wsjdk\corretto17src\installers\windows\zip\corretto-build\buildroot\src\hotspot\share\interpreter\linkResolver.cpp, line 766]
Event: 3.721 Thread 0x000001e046d8e000 Exception <a 'java/lang/NoSuchMethodError'{0x00000000e9a28d20}: 'java.lang.Object java.lang.invoke.Invokers$Holder.linkToTargetMethod(java.lang.Object, java.lang.Object, java.lang.Object, java.lang.Object, java.lang.Object, java.lang.Object, java.lang.Object)'> (0x00000000e9a28d20) 
thrown [c:\wsjdk\corretto17src\installers\windows\zip\corretto-build\buildroot\src\hotspot\share\interpreter\linkResolver.cpp, line 766]
Event: 3.727 Thread 0x000001e046d8e000 Exception <a 'java/lang/IncompatibleClassChangeError'{0x00000000e9a67fe0}: Found class java.lang.Object, but interface was expected> (0x00000000e9a67fe0) 
thrown [c:\wsjdk\corretto17src\installers\windows\zip\corretto-build\buildroot\src\hotspot\share\interpreter\linkResolver.cpp, line 833]
Event: 4.095 Thread 0x000001e046d8e000 Exception <a 'java/lang/NoSuchMethodError'{0x00000000ef530cd0}: 'java.lang.Object java.lang.invoke.DirectMethodHandle$Holder.invokeStatic(java.lang.Object, java.lang.Object, int, java.lang.Object)'> (0x00000000ef530cd0) 
thrown [c:\wsjdk\corretto17src\installers\windows\zip\corretto-build\buildroot\src\hotspot\share\interpreter\linkResolver.cpp, line 766]
Event: 4.096 Thread 0x000001e046d8e000 Exception <a 'java/lang/NoSuchMethodError'{0x00000000ef538980}: 'java.lang.Object java.lang.invoke.DirectMethodHandle$Holder.newInvokeSpecial(java.lang.Object, java.lang.Object, int, java.lang.Object)'> (0x00000000ef538980) 
thrown [c:\wsjdk\corretto17src\installers\windows\zip\corretto-build\buildroot\src\hotspot\share\interpreter\linkResolver.cpp, line 766]
Event: 4.097 Thread 0x000001e046d8e000 Exception <a 'java/lang/NoSuchMethodError'{0x00000000ef53d268}: 'java.lang.Object java.lang.invoke.DirectMethodHandle$Holder.invokeSpecial(java.lang.Object, java.lang.Object, java.lang.Object, int, java.lang.Object)'> (0x00000000ef53d268) 
thrown [c:\wsjdk\corretto17src\installers\windows\zip\corretto-build\buildroot\src\hotspot\share\interpreter\linkResolver.cpp, line 766]
Event: 4.272 Thread 0x000001e046d8e000 Exception <a 'java/lang/NoSuchMethodError'{0x00000000eeea81e8}: 'void java.lang.invoke.DirectMethodHandle$Holder.invokeStaticInit(java.lang.Object, java.lang.Object, java.lang.Object)'> (0x00000000eeea81e8) 
thrown [c:\wsjdk\corretto17src\installers\windows\zip\corretto-build\buildroot\src\hotspot\share\interpreter\linkResolver.cpp, line 766]
Event: 4.273 Thread 0x000001e046d8e000 Exception <a 'java/lang/NoSuchMethodError'{0x00000000eeeaf6e8}: 'void java.lang.invoke.DirectMethodHandle$Holder.invokeStaticInit(java.lang.Object, java.lang.Object, java.lang.Object, java.lang.Object)'> (0x00000000eeeaf6e8) 
thrown [c:\wsjdk\corretto17src\installers\windows\zip\corretto-build\buildroot\src\hotspot\share\interpreter\linkResolver.cpp, line 766]
Event: 4.275 Thread 0x000001e046d8e000 Exception <a 'java/lang/NoSuchMethodError'{0x00000000eeed20e0}: 'void java.lang.invoke.DirectMethodHandle$Holder.invokeStaticInit(java.lang.Object, java.lang.Object, java.lang.Object, java.lang.Object, java.lang.Object)'> (0x00000000eeed20e0) 
thrown [c:\wsjdk\corretto17src\installers\windows\zip\corretto-build\buildroot\src\hotspot\share\interpreter\linkResolver.cpp, line 766]
Event: 4.295 Thread 0x000001e046d8e000 Exception <a 'java/lang/NoSuchMethodError'{0x00000000eed44e18}: 'int java.lang.invoke.DirectMethodHandle$Holder.invokeStaticInit(java.lang.Object, java.lang.Object, java.lang.Object, java.lang.Object)'> (0x00000000eed44e18) 
thrown [c:\wsjdk\corretto17src\installers\windows\zip\corretto-build\buildroot\src\hotspot\share\interpreter\linkResolver.cpp, line 766]
Event: 4.664 Thread 0x000001e046d8e000 Exception <a 'java/lang/ClassNotFoundException'{0x00000000ee6ebb20}: groovy/lang/ExpandoMetaClassBeanInfo> (0x00000000ee6ebb20) 
thrown [c:\wsjdk\corretto17src\installers\windows\zip\corretto-build\buildroot\src\hotspot\share\classfile\systemDictionary.cpp, line 256]
Event: 4.668 Thread 0x000001e046d8e000 Exception <a 'java/lang/ClassNotFoundException'{0x00000000ee5028a8}: groovy/lang/MetaClassImplBeanInfo> (0x00000000ee5028a8) 
thrown [c:\wsjdk\corretto17src\installers\windows\zip\corretto-build\buildroot\src\hotspot\share\classfile\systemDictionary.cpp, line 256]
Event: 4.670 Thread 0x000001e046d8e000 Exception <a 'java/lang/ClassNotFoundException'{0x00000000ee507890}: java/lang/ObjectBeanInfo> (0x00000000ee507890) 
thrown [c:\wsjdk\corretto17src\installers\windows\zip\corretto-build\buildroot\src\hotspot\share\classfile\systemDictionary.cpp, line 256]
Event: 4.672 Thread 0x000001e046d8e000 Exception <a 'java/lang/ClassNotFoundException'{0x00000000ee50cf30}: java/lang/ObjectCustomizer> (0x00000000ee50cf30) 
thrown [c:\wsjdk\corretto17src\installers\windows\zip\corretto-build\buildroot\src\hotspot\share\classfile\systemDictionary.cpp, line 256]
Event: 4.679 Thread 0x000001e046d8e000 Exception <a 'java/lang/IncompatibleClassChangeError'{0x00000000ee511958}: Found class java.lang.Object, but interface was expected> (0x00000000ee511958) 
thrown [c:\wsjdk\corretto17src\installers\windows\zip\corretto-build\buildroot\src\hotspot\share\interpreter\linkResolver.cpp, line 833]
Event: 4.684 Thread 0x000001e046d8e000 Exception <a 'java/lang/ClassNotFoundException'{0x00000000ee52d418}: groovy/lang/MetaClassImplCustomizer> (0x00000000ee52d418) 
thrown [c:\wsjdk\corretto17src\installers\windows\zip\corretto-build\buildroot\src\hotspot\share\classfile\systemDictionary.cpp, line 256]
Event: 4.688 Thread 0x000001e046d8e000 Exception <a 'java/lang/ClassNotFoundException'{0x00000000ee5627b8}: groovy/lang/ExpandoMetaClassCustomizer> (0x00000000ee5627b8) 
thrown [c:\wsjdk\corretto17src\installers\windows\zip\corretto-build\buildroot\src\hotspot\share\classfile\systemDictionary.cpp, line 256]

VM Operations (20 events):
Event: 4.119 Executing VM operation: HandshakeAllThreads
Event: 4.119 Executing VM operation: HandshakeAllThreads done
Event: 4.120 Executing VM operation: HandshakeAllThreads
Event: 4.120 Executing VM operation: HandshakeAllThreads done
Event: 4.120 Executing VM operation: HandshakeAllThreads
Event: 4.120 Executing VM operation: HandshakeAllThreads done
Event: 4.223 Executing VM operation: HandshakeAllThreads
Event: 4.224 Executing VM operation: HandshakeAllThreads done
Event: 4.561 Executing VM operation: HandshakeAllThreads
Event: 4.561 Executing VM operation: HandshakeAllThreads done
Event: 4.606 Executing VM operation: HandshakeAllThreads
Event: 4.606 Executing VM operation: HandshakeAllThreads done
Event: 4.771 Executing VM operation: HandshakeAllThreads
Event: 4.772 Executing VM operation: HandshakeAllThreads done
Event: 4.772 Executing VM operation: HandshakeAllThreads
Event: 4.772 Executing VM operation: HandshakeAllThreads done
Event: 4.776 Executing VM operation: HandshakeAllThreads
Event: 4.776 Executing VM operation: HandshakeAllThreads done
Event: 4.781 Executing VM operation: HandshakeAllThreads
Event: 4.781 Executing VM operation: HandshakeAllThreads done

Events (20 events):
Event: 4.786 loading class java/nio/file/attribute/PosixFileAttributeView
Event: 4.786 loading class java/nio/file/attribute/PosixFileAttributeView done
Event: 4.786 loading class java/nio/file/attribute/UserDefinedFileAttributeView
Event: 4.786 loading class java/nio/file/attribute/UserDefinedFileAttributeView done
Event: 4.786 loading class java/nio/file/attribute/GroupPrincipal
Event: 4.786 loading class java/nio/file/attribute/GroupPrincipal done
Event: 4.787 loading class sun/nio/fs/WindowsFileSystemProvider$1
Event: 4.787 loading class sun/nio/fs/WindowsFileSystemProvider$1 done
Event: 4.789 loading class sun/nio/fs/WindowsSecurity
Event: 4.789 loading class sun/nio/fs/WindowsSecurity done
Event: 4.789 loading class sun/nio/fs/WindowsFileStore
Event: 4.789 loading class sun/nio/fs/WindowsFileStore done
Event: 4.799 loading class java/nio/file/AccessDeniedException
Event: 4.799 loading class java/nio/file/AccessDeniedException done
Event: 4.800 loading class java/nio/file/InvalidPathException
Event: 4.800 loading class java/nio/file/InvalidPathException done
Event: 4.802 loading class sun/nio/fs/WindowsSecurityDescriptor
Event: 4.803 loading class sun/nio/fs/WindowsSecurityDescriptor done
Event: 4.803 loading class sun/nio/fs/WindowsChannelFactory$2
Event: 4.803 loading class sun/nio/fs/WindowsChannelFactory$2 done


Dynamic libraries:
0x00007ff70a7d0000 - 0x00007ff70a7dd000 	C:\Users\pkost\.jdks\corretto-17.0.3\bin\java.exe
0x00007ffab5950000 - 0x00007ffab5b47000 	C:\Windows\SYSTEM32\ntdll.dll
0x00007ffab5850000 - 0x00007ffab590d000 	C:\Windows\System32\KERNEL32.DLL
0x00007ffab3430000 - 0x00007ffab36fd000 	C:\Windows\System32\KERNELBASE.dll
0x00007ffab31d0000 - 0x00007ffab32d0000 	C:\Windows\System32\ucrtbase.dll
0x00007ffaaedb0000 - 0x00007ffaaedc5000 	C:\Users\pkost\.jdks\corretto-17.0.3\bin\VCRUNTIME140.dll
0x00007ffaaee10000 - 0x00007ffaaee28000 	C:\Users\pkost\.jdks\corretto-17.0.3\bin\jli.dll
0x00007ffab4060000 - 0x00007ffab4200000 	C:\Windows\System32\USER32.dll
0x00007ffab3700000 - 0x00007ffab3722000 	C:\Windows\System32\win32u.dll
0x00007ffa9d3c0000 - 0x00007ffa9d65a000 	C:\Windows\WinSxS\amd64_microsoft.windows.common-controls_6595b64144ccf1df_6.0.19041.1110_none_60b5254171f9507e\COMCTL32.dll
0x00007ffab3d20000 - 0x00007ffab3d4a000 	C:\Windows\System32\GDI32.dll
0x00007ffab56d0000 - 0x00007ffab576e000 	C:\Windows\System32\msvcrt.dll
0x00007ffab38a0000 - 0x00007ffab39ab000 	C:\Windows\System32\gdi32full.dll
0x00007ffab3320000 - 0x00007ffab33bd000 	C:\Windows\System32\msvcp_win.dll
0x00007ffab4950000 - 0x00007ffab4980000 	C:\Windows\System32\IMM32.DLL
0x00007ffa861f0000 - 0x00007ffa8628b000 	C:\Users\pkost\.jdks\corretto-17.0.3\bin\msvcp140.dll
0x00007ffa3cbd0000 - 0x00007ffa3d7eb000 	C:\Users\pkost\.jdks\corretto-17.0.3\bin\server\jvm.dll
0x00007ffab4200000 - 0x00007ffab42ae000 	C:\Windows\System32\ADVAPI32.dll
0x00007ffab42b0000 - 0x00007ffab434c000 	C:\Windows\System32\sechost.dll
0x00007ffab4aa0000 - 0x00007ffab4bc5000 	C:\Windows\System32\RPCRT4.dll
0x00007ffab5660000 - 0x00007ffab5668000 	C:\Windows\System32\PSAPI.DLL
0x00007ffa9a5b0000 - 0x00007ffa9a5b9000 	C:\Windows\SYSTEM32\WSOCK32.dll
0x00007ffa9d0e0000 - 0x00007ffa9d107000 	C:\Windows\SYSTEM32\WINMM.dll
0x00007ffaaba50000 - 0x00007ffaaba5a000 	C:\Windows\SYSTEM32\VERSION.dll
0x00007ffab5320000 - 0x00007ffab538b000 	C:\Windows\System32\WS2_32.dll
0x00007ffab0f30000 - 0x00007ffab0f42000 	C:\Windows\SYSTEM32\kernel.appcore.dll
0x00007ffaaccb0000 - 0x00007ffaaccba000 	C:\Users\pkost\.jdks\corretto-17.0.3\bin\jimage.dll
0x00007ffa9ad80000 - 0x00007ffa9af64000 	C:\Windows\SYSTEM32\DBGHELP.DLL
0x00007ffa9ad50000 - 0x00007ffa9ad7c000 	C:\Windows\SYSTEM32\dbgcore.DLL
0x00007ffab3760000 - 0x00007ffab37e2000 	C:\Windows\System32\bcryptPrimitives.dll
0x00007ffa8b270000 - 0x00007ffa8b2aa000 	C:\Users\pkost\.jdks\corretto-17.0.3\bin\jdwp.dll
0x00007ffa88cc0000 - 0x00007ffa88ce5000 	C:\Users\pkost\.jdks\corretto-17.0.3\bin\java.dll
0x00007ffa85980000 - 0x00007ffa85a56000 	C:\Users\pkost\.jdks\corretto-17.0.3\bin\jsvml.dll
0x00007ffab4bd0000 - 0x00007ffab5314000 	C:\Windows\System32\SHELL32.dll
0x00007ffab1130000 - 0x00007ffab18c4000 	C:\Windows\SYSTEM32\windows.storage.dll
0x00007ffab39c0000 - 0x00007ffab3d14000 	C:\Windows\System32\combase.dll
0x00007ffab29f0000 - 0x00007ffab2a1c000 	C:\Windows\SYSTEM32\Wldp.dll
0x00007ffab3f90000 - 0x00007ffab403d000 	C:\Windows\System32\SHCORE.dll
0x00007ffab5390000 - 0x00007ffab53e5000 	C:\Windows\System32\shlwapi.dll
0x00007ffab2fb0000 - 0x00007ffab2fcf000 	C:\Windows\SYSTEM32\profapi.dll
0x00007ffaac220000 - 0x00007ffaac22c000 	C:\Users\pkost\.jdks\corretto-17.0.3\bin\dt_socket.dll
0x00007ffab2490000 - 0x00007ffab24cb000 	C:\Windows\SYSTEM32\IPHLPAPI.DLL
0x00007ffab27d0000 - 0x00007ffab283a000 	C:\Windows\system32\mswsock.dll
0x00007ffaa1160000 - 0x00007ffaa1179000 	C:\Users\pkost\.jdks\corretto-17.0.3\bin\net.dll
0x00007ffaaace0000 - 0x00007ffaaadea000 	C:\Windows\SYSTEM32\WINHTTP.dll
0x00007ffa9ca20000 - 0x00007ffa9ca35000 	C:\Users\pkost\.jdks\corretto-17.0.3\bin\nio.dll
0x00007ffa94ad0000 - 0x00007ffa94ae8000 	C:\Users\pkost\.jdks\corretto-17.0.3\bin\zip.dll
0x00007ffa9cb20000 - 0x00007ffa9cb30000 	C:\Users\pkost\.jdks\corretto-17.0.3\bin\verify.dll
0x00007ffaacd10000 - 0x00007ffaacd37000 	C:\Users\pkost\.gradle\native\e1d6ef7f7dcc3fd88c89a11ec53ec762bb8ba0a96d01ffa2cd45eb1d1d8dd5c5\windows-amd64\native-platform.dll
0x00007ffa85830000 - 0x00007ffa85974000 	C:\Users\pkost\.gradle\native\0d407fdbe67a94daf76414ababcb853783967236a71b16ec16e742cd7a986fd3\windows-amd64\native-platform-file-events.dll
0x00007ffa94990000 - 0x00007ffa94999000 	C:\Users\pkost\.jdks\corretto-17.0.3\bin\management.dll
0x00007ffa94860000 - 0x00007ffa9486b000 	C:\Users\pkost\.jdks\corretto-17.0.3\bin\management_ext.dll
0x00007ffab2a30000 - 0x00007ffab2a48000 	C:\Windows\SYSTEM32\CRYPTSP.dll
0x00007ffab2100000 - 0x00007ffab2134000 	C:\Windows\system32\rsaenh.dll
0x00007ffab3730000 - 0x00007ffab3757000 	C:\Windows\System32\bcrypt.dll
0x00007ffab2f70000 - 0x00007ffab2f9e000 	C:\Windows\SYSTEM32\USERENV.dll
0x00007ffab2960000 - 0x00007ffab296c000 	C:\Windows\SYSTEM32\CRYPTBASE.dll
0x00007ffab39b0000 - 0x00007ffab39b8000 	C:\Windows\System32\NSI.dll
0x00007ffaa94e0000 - 0x00007ffaa94f7000 	C:\Windows\SYSTEM32\dhcpcsvc6.DLL
0x00007ffaaaf30000 - 0x00007ffaaaf4d000 	C:\Windows\SYSTEM32\dhcpcsvc.DLL
0x00007ffab24d0000 - 0x00007ffab259b000 	C:\Windows\SYSTEM32\DNSAPI.dll
0x00007ffa94850000 - 0x00007ffa9485e000 	C:\Users\pkost\.jdks\corretto-17.0.3\bin\sunmscapi.dll
0x00007ffab3070000 - 0x00007ffab31c6000 	C:\Windows\System32\CRYPT32.dll
0x00007ffab2b40000 - 0x00007ffab2b67000 	C:\Windows\SYSTEM32\ncrypt.dll
0x00007ffab2b00000 - 0x00007ffab2b3b000 	C:\Windows\SYSTEM32\NTASN1.dll
0x00007ffa94790000 - 0x00007ffa94797000 	C:\Windows\system32\wshunix.dll

dbghelp: loaded successfully - version: 4.0.5 - missing functions: none
symbol engine: initialized successfully - sym options: 0x614 - pdb path: .;C:\Users\pkost\.jdks\corretto-17.0.3\bin;C:\Windows\SYSTEM32;C:\Windows\WinSxS\amd64_microsoft.windows.common-controls_6595b64144ccf1df_6.0.19041.1110_none_60b5254171f9507e;C:\Users\pkost\.jdks\corretto-17.0.3\bin\server;C:\Users\pkost\.gradle\native\e1d6ef7f7dcc3fd88c89a11ec53ec762bb8ba0a96d01ffa2cd45eb1d1d8dd5c5\windows-amd64;C:\Users\pkost\.gradle\native\0d407fdbe67a94daf76414ababcb853783967236a71b16ec16e742cd7a986fd3\windows-amd64

VM Arguments:
jvm_args: -XX:MaxMetaspaceSize=256m -XX:+HeapDumpOnOutOfMemoryError -agentlib:jdwp=transport=dt_socket,server=n,suspend=y,address=127.0.0.1:57635 --add-opens=java.base/java.util=ALL-UNNAMED --add-opens=java.base/java.lang=ALL-UNNAMED --add-opens=java.base/java.lang.invoke=ALL-UNNAMED --add-opens=java.base/java.util=ALL-UNNAMED --add-opens=java.prefs/java.util.prefs=ALL-UNNAMED --add-opens=java.prefs/java.util.prefs=ALL-UNNAMED --add-opens=java.base/java.nio.charset=ALL-UNNAMED --add-opens=java.base/java.net=ALL-UNNAMED --add-opens=java.base/java.util.concurrent.atomic=ALL-UNNAMED -Xms256m -Xmx512m -Dfile.encoding=windows-1251 -Duser.country=RU -Duser.language=ru -Duser.variant 
java_command: org.gradle.launcher.daemon.bootstrap.GradleDaemon 7.4.1
java_class_path (initial): C:\Users\pkost\.gradle\wrapper\dists\gradle-7.4.1-bin\58kw26xllvsiedyf3nujyarhn\gradle-7.4.1\lib\gradle-launcher-7.4.1.jar
Launcher Type: SUN_STANDARD

[Global flags]
     intx CICompilerCount                          = 4                                         {product} {ergonomic}
   size_t CompressedClassSpaceSize                 = 218103808                                 {product} {ergonomic}
     uint ConcGCThreads                            = 2                                         {product} {ergonomic}
     uint G1ConcRefinementThreads                  = 8                                         {product} {ergonomic}
   size_t G1HeapRegionSize                         = 1048576                                   {product} {ergonomic}
    uintx GCDrainStackTargetSize                   = 64                                        {product} {ergonomic}
     bool HeapDumpOnOutOfMemoryError               = true                                   {manageable} {command line}
   size_t InitialHeapSize                          = 268435456                                 {product} {command line}
   size_t MarkStackSize                            = 4194304                                   {product} {ergonomic}
   size_t MaxHeapSize                              = 536870912                                 {product} {command line}
   size_t MaxMetaspaceSize                         = 268435456                                 {product} {command line}
   size_t MaxNewSize                               = 321912832                                 {product} {ergonomic}
   size_t MinHeapDeltaBytes                        = 1048576                                   {product} {ergonomic}
   size_t MinHeapSize                              = 268435456                                 {product} {command line}
    uintx NonNMethodCodeHeapSize                   = 5839372                                {pd product} {ergonomic}
    uintx NonProfiledCodeHeapSize                  = 122909434                              {pd product} {ergonomic}
    uintx ProfiledCodeHeapSize                     = 122909434                              {pd product} {ergonomic}
    uintx ReservedCodeCacheSize                    = 251658240                              {pd product} {ergonomic}
     bool SegmentedCodeCache                       = true                                      {product} {ergonomic}
   size_t SoftMaxHeapSize                          = 536870912                              {manageable} {ergonomic}
     bool UseCompressedClassPointers               = true                           {product lp64_product} {ergonomic}
     bool UseCompressedOops                        = true                           {product lp64_product} {ergonomic}
     bool UseG1GC                                  = true                                      {product} {ergonomic}
     bool UseLargePagesIndividualAllocation        = false                                  {pd product} {ergonomic}

Logging:
Log output configuration:
 #0: stdout all=warning uptime,level,tags
 #1: stderr all=off uptime,level,tags

Environment Variables:
JAVA_HOME=C:\Program Files\jdk-18
PATH=C:\Windows\system32;C:\Windows;C:\Windows\System32\Wbem;C:\Windows\System32\WindowsPowerShell\v1.0\;C:\Windows\System32\OpenSSH\;C:\Program Files\Microsoft SQL Server\130\Tools\Binn\;C:\Program Files\Microsoft SQL Server\Client SDK\ODBC\170\Tools\Binn\;C:\Program Files\dotnet\;C:\Program Files\Microsoft\Web Platform Installer\;C:\Program Files\jdk-18;;C:\Program Files\Docker\Docker\resources\bin;C:\ProgramData\DockerDesktop\version-bin;C:\Users\pkost\AppData\Local\Microsoft\WindowsApps;C:\Users\pkost\.dotnet\tools;C:\Program Files\IntelliJ IDEA Community Edition 2021.3.3\bin;
USERNAME=pkost
OS=Windows_NT
PROCESSOR_IDENTIFIER=Intel64 Family 6 Model 142 Stepping 10, GenuineIntel



---------------  S Y S T E M  ---------------

OS:
 Windows 10 , 64 bit Build 19041 (10.0.19041.1741)
OS uptime: 2 days 13:48 hours
Hyper-V role detected

CPU: total 8 (initial active 8) (4 cores per cpu, 2 threads per core) family 6 model 142 stepping 10 microcode 0xb4, cx8, cmov, fxsr, ht, mmx, 3dnowpref, sse, sse2, sse3, ssse3, sse4.1, sse4.2, popcnt, lzcnt, tsc, tscinvbit, avx, avx2, aes, erms, clmul, bmi1, bmi2, adx, fma, vzeroupper, clflush, clflushopt, hv

Memory: 4k page, system-wide physical 16268M (1152M free)
TotalPageFile size 28689M (AvailPageFile size 9M)
current process WorkingSet (physical memory assigned to process): 303M, peak: 306M
current process commit charge ("private bytes"): 484M, peak: 488M

vm_info: OpenJDK 64-Bit Server VM (17.0.3+6-LTS) for windows-amd64 JRE (17.0.3+6-LTS), built on Apr 15 2022 22:16:02 by "Administrator" with MS VC++ 15.9 (VS2017)

END.
